This is pdfTeX, Version 3.141592653-2.6-1.40.25 (MiKTeX 24.1) (preloaded format=pdflatex 2024.12.17)  22 MAY 2025 17:03
entering extended mode
 restricted \write18 enabled.
 %&-line parsing enabled.
**./main.tex
(main.tex
LaTeX2e <2023-11-01> patch level 1
L3 programming layer <2024-01-04>
(C:\Users\deian\AppData\Local\Programs\MiKTeX\tex/latex/base\report.cls
Document Class: report 2023/05/17 v1.4n Standard LaTeX document class
(C:\Users\deian\AppData\Local\Programs\MiKTeX\tex/latex/base\size11.clo
File: size11.clo 2023/05/17 v1.4n Standard LaTeX file (size option)
)
\c@part=\count187
\c@chapter=\count188
\c@section=\count189
\c@subsection=\count190
\c@subsubsection=\count191
\c@paragraph=\count192
\c@subparagraph=\count193
\c@figure=\count194
\c@table=\count195
\abovecaptionskip=\skip48
\belowcaptionskip=\skip49
\bibindent=\dimen140
)
(C:\Users\deian\AppData\Local\Programs\MiKTeX\tex/generic/babel\babel.sty
Package: babel 2024/01/07 v24.1 The Babel package
\babel@savecnt=\count196
\U@D=\dimen141
\l@unhyphenated=\language79

(C:\Users\deian\AppData\Local\Programs\MiKTeX\tex/generic/babel\txtbabel.def)
\bbl@readstream=\read2
\bbl@dirlevel=\count197

*************************************
* Local config file bblopts.cfg used
*
(C:\Users\deian\AppData\Local\Programs\MiKTeX\tex/latex/arabi\bblopts.cfg
File: bblopts.cfg 2005/09/08 v0.1 add Arabic and Farsi to "declared" options of
 babel
)
(C:\Users\deian\AppData\Local\Programs\MiKTeX\tex/latex/babel-spanish\spanish.l
df
Language: spanish.ldf 2021/05/27 v5.0q Spanish support from the babel system
\es@quottoks=\toks17
\es@quotdepth=\count198
Package babel Info: Making " an active character on input line 570.
Package babel Info: Making . an active character on input line 675.
Package babel Info: Making < an active character on input line 722.
Package babel Info: Making > an active character on input line 722.
))
(C:\Users\deian\AppData\Local\Programs\MiKTeX\tex/generic/babel/locale/es\babel
-spanish.tex
Package babel Info: Importing font and identification data for spanish
(babel)             from babel-es.ini. Reported on input line 11.
)
(C:\Users\deian\AppData\Local\Programs\MiKTeX\tex/latex/base\inputenc.sty
Package: inputenc 2021/02/14 v1.3d Input encoding file
\inpenc@prehook=\toks18
\inpenc@posthook=\toks19
)
(C:\Users\deian\AppData\Local\Programs\MiKTeX\tex/latex/base\fontenc.sty
Package: fontenc 2021/04/29 v2.0v Standard LaTeX package
)
(C:\Users\deian\AppData\Local\Programs\MiKTeX\tex/latex/lm\lmodern.sty
Package: lmodern 2015/05/01 v1.6.1 Latin Modern Fonts
LaTeX Font Info:    Overwriting symbol font `operators' in version `normal'
(Font)                  OT1/cmr/m/n --> OT1/lmr/m/n on input line 22.
LaTeX Font Info:    Overwriting symbol font `letters' in version `normal'
(Font)                  OML/cmm/m/it --> OML/lmm/m/it on input line 23.
LaTeX Font Info:    Overwriting symbol font `symbols' in version `normal'
(Font)                  OMS/cmsy/m/n --> OMS/lmsy/m/n on input line 24.
LaTeX Font Info:    Overwriting symbol font `largesymbols' in version `normal'
(Font)                  OMX/cmex/m/n --> OMX/lmex/m/n on input line 25.
LaTeX Font Info:    Overwriting symbol font `operators' in version `bold'
(Font)                  OT1/cmr/bx/n --> OT1/lmr/bx/n on input line 26.
LaTeX Font Info:    Overwriting symbol font `letters' in version `bold'
(Font)                  OML/cmm/b/it --> OML/lmm/b/it on input line 27.
LaTeX Font Info:    Overwriting symbol font `symbols' in version `bold'
(Font)                  OMS/cmsy/b/n --> OMS/lmsy/b/n on input line 28.
LaTeX Font Info:    Overwriting symbol font `largesymbols' in version `bold'
(Font)                  OMX/cmex/m/n --> OMX/lmex/m/n on input line 29.
LaTeX Font Info:    Overwriting math alphabet `\mathbf' in version `normal'
(Font)                  OT1/cmr/bx/n --> OT1/lmr/bx/n on input line 31.
LaTeX Font Info:    Overwriting math alphabet `\mathsf' in version `normal'
(Font)                  OT1/cmss/m/n --> OT1/lmss/m/n on input line 32.
LaTeX Font Info:    Overwriting math alphabet `\mathit' in version `normal'
(Font)                  OT1/cmr/m/it --> OT1/lmr/m/it on input line 33.
LaTeX Font Info:    Overwriting math alphabet `\mathtt' in version `normal'
(Font)                  OT1/cmtt/m/n --> OT1/lmtt/m/n on input line 34.
LaTeX Font Info:    Overwriting math alphabet `\mathbf' in version `bold'
(Font)                  OT1/cmr/bx/n --> OT1/lmr/bx/n on input line 35.
LaTeX Font Info:    Overwriting math alphabet `\mathsf' in version `bold'
(Font)                  OT1/cmss/bx/n --> OT1/lmss/bx/n on input line 36.
LaTeX Font Info:    Overwriting math alphabet `\mathit' in version `bold'
(Font)                  OT1/cmr/bx/it --> OT1/lmr/bx/it on input line 37.
LaTeX Font Info:    Overwriting math alphabet `\mathtt' in version `bold'
(Font)                  OT1/cmtt/m/n --> OT1/lmtt/m/n on input line 38.
)
(C:\Users\deian\AppData\Local\Programs\MiKTeX\tex/latex/setspace\setspace.sty
Package: setspace 2022/12/04 v6.7b set line spacing
)
(C:\Users\deian\AppData\Local\Programs\MiKTeX\tex/latex/hyperref\hyperref.sty
Package: hyperref 2023-11-26 v7.01g Hypertext links for LaTeX

(C:\Users\deian\AppData\Local\Programs\MiKTeX\tex/generic/iftex\iftex.sty
Package: iftex 2022/02/03 v1.0f TeX engine tests
)
(C:\Users\deian\AppData\Local\Programs\MiKTeX\tex/generic/infwarerr\infwarerr.s
ty
Package: infwarerr 2019/12/03 v1.5 Providing info/warning/error messages (HO)
) (C:\Users\deian\AppData\Local\Programs\MiKTeX\tex/latex/graphics\keyval.sty
Package: keyval 2022/05/29 v1.15 key=value parser (DPC)
\KV@toks@=\toks20
)
(C:\Users\deian\AppData\Local\Programs\MiKTeX\tex/latex/kvsetkeys\kvsetkeys.sty
Package: kvsetkeys 2022-10-05 v1.19 Key value parser (HO)
)
(C:\Users\deian\AppData\Local\Programs\MiKTeX\tex/generic/kvdefinekeys\kvdefine
keys.sty
Package: kvdefinekeys 2019-12-19 v1.6 Define keys (HO)
)
(C:\Users\deian\AppData\Local\Programs\MiKTeX\tex/generic/pdfescape\pdfescape.s
ty
Package: pdfescape 2019/12/09 v1.15 Implements pdfTeX's escape features (HO)

(C:\Users\deian\AppData\Local\Programs\MiKTeX\tex/generic/ltxcmds\ltxcmds.sty
Package: ltxcmds 2023-12-04 v1.26 LaTeX kernel commands for general use (HO)
)
(C:\Users\deian\AppData\Local\Programs\MiKTeX\tex/generic/pdftexcmds\pdftexcmds
.sty
Package: pdftexcmds 2020-06-27 v0.33 Utility functions of pdfTeX for LuaTeX (HO
)
Package pdftexcmds Info: \pdf@primitive is available.
Package pdftexcmds Info: \pdf@ifprimitive is available.
Package pdftexcmds Info: \pdfdraftmode found.
))
(C:\Users\deian\AppData\Local\Programs\MiKTeX\tex/latex/hycolor\hycolor.sty
Package: hycolor 2020-01-27 v1.10 Color options for hyperref/bookmark (HO)
)
(C:\Users\deian\AppData\Local\Programs\MiKTeX\tex/latex/letltxmacro\letltxmacro
.sty
Package: letltxmacro 2019/12/03 v1.6 Let assignment for LaTeX macros (HO)
)
(C:\Users\deian\AppData\Local\Programs\MiKTeX\tex/latex/auxhook\auxhook.sty
Package: auxhook 2019-12-17 v1.6 Hooks for auxiliary files (HO)
)
(C:\Users\deian\AppData\Local\Programs\MiKTeX\tex/latex/hyperref\nameref.sty
Package: nameref 2023-11-26 v2.56 Cross-referencing by name of section

(C:\Users\deian\AppData\Local\Programs\MiKTeX\tex/latex/refcount\refcount.sty
Package: refcount 2019/12/15 v3.6 Data extraction from label references (HO)
)
(C:\Users\deian\AppData\Local\Programs\MiKTeX\tex/generic/gettitlestring\gettit
lestring.sty
Package: gettitlestring 2019/12/15 v1.6 Cleanup title references (HO)

(C:\Users\deian\AppData\Local\Programs\MiKTeX\tex/latex/kvoptions\kvoptions.sty
Package: kvoptions 2022-06-15 v3.15 Key value format for package options (HO)
))
\c@section@level=\count199
)
(C:\Users\deian\AppData\Local\Programs\MiKTeX\tex/latex/etoolbox\etoolbox.sty
Package: etoolbox 2020/10/05 v2.5k e-TeX tools for LaTeX (JAW)
\etb@tempcnta=\count266
)
\@linkdim=\dimen142
\Hy@linkcounter=\count267
\Hy@pagecounter=\count268

(C:\Users\deian\AppData\Local\Programs\MiKTeX\tex/latex/hyperref\pd1enc.def
File: pd1enc.def 2023-11-26 v7.01g Hyperref: PDFDocEncoding definition (HO)
Now handling font encoding PD1 ...
... no UTF-8 mapping file for font encoding PD1
)
(C:\Users\deian\AppData\Local\Programs\MiKTeX\tex/generic/intcalc\intcalc.sty
Package: intcalc 2019/12/15 v1.3 Expandable calculations with integers (HO)
)
\Hy@SavedSpaceFactor=\count269

(C:\Users\deian\AppData\Local\Programs\MiKTeX\tex/latex/hyperref\puenc.def
File: puenc.def 2023-11-26 v7.01g Hyperref: PDF Unicode definition (HO)
Now handling font encoding PU ...
... no UTF-8 mapping file for font encoding PU
)
Package hyperref Info: Hyper figures OFF on input line 4181.
Package hyperref Info: Link nesting OFF on input line 4186.
Package hyperref Info: Hyper index ON on input line 4189.
Package hyperref Info: Plain pages OFF on input line 4196.
Package hyperref Info: Backreferencing OFF on input line 4201.
Package hyperref Info: Implicit mode ON; LaTeX internals redefined.
Package hyperref Info: Bookmarks ON on input line 4448.
\c@Hy@tempcnt=\count270

(C:\Users\deian\AppData\Local\Programs\MiKTeX\tex/latex/url\url.sty
\Urlmuskip=\muskip16
Package: url 2013/09/16  ver 3.4  Verb mode for urls, etc.
)
LaTeX Info: Redefining \url on input line 4786.
\XeTeXLinkMargin=\dimen143

(C:\Users\deian\AppData\Local\Programs\MiKTeX\tex/generic/bitset\bitset.sty
Package: bitset 2019/12/09 v1.3 Handle bit-vector datatype (HO)

(C:\Users\deian\AppData\Local\Programs\MiKTeX\tex/generic/bigintcalc\bigintcalc
.sty
Package: bigintcalc 2019/12/15 v1.5 Expandable calculations on big integers (HO
)
))
\Fld@menulength=\count271
\Field@Width=\dimen144
\Fld@charsize=\dimen145
Package hyperref Info: Hyper figures OFF on input line 6065.
Package hyperref Info: Link nesting OFF on input line 6070.
Package hyperref Info: Hyper index ON on input line 6073.
Package hyperref Info: backreferencing OFF on input line 6080.
Package hyperref Info: Link coloring OFF on input line 6085.
Package hyperref Info: Link coloring with OCG OFF on input line 6090.
Package hyperref Info: PDF/A mode OFF on input line 6095.

(C:\Users\deian\AppData\Local\Programs\MiKTeX\tex/latex/base\atbegshi-ltx.sty
Package: atbegshi-ltx 2021/01/10 v1.0c Emulation of the original atbegshi
package with kernel methods
)
\Hy@abspage=\count272
\c@Item=\count273
\c@Hfootnote=\count274
)
Package hyperref Info: Driver (autodetected): hpdftex.
(C:\Users\deian\AppData\Local\Programs\MiKTeX\tex/latex/hyperref\hpdftex.def
File: hpdftex.def 2023-11-26 v7.01g Hyperref driver for pdfTeX

(C:\Users\deian\AppData\Local\Programs\MiKTeX\tex/latex/base\atveryend-ltx.sty
Package: atveryend-ltx 2020/08/19 v1.0a Emulation of the original atveryend pac
kage
with kernel methods
)
\Fld@listcount=\count275
\c@bookmark@seq@number=\count276

(C:\Users\deian\AppData\Local\Programs\MiKTeX\tex/latex/rerunfilecheck\rerunfil
echeck.sty
Package: rerunfilecheck 2022-07-10 v1.10 Rerun checks for auxiliary files (HO)

(C:\Users\deian\AppData\Local\Programs\MiKTeX\tex/generic/uniquecounter\uniquec
ounter.sty
Package: uniquecounter 2019/12/15 v1.4 Provide unlimited unique counter (HO)
)
Package uniquecounter Info: New unique counter `rerunfilecheck' on input line 2
85.
)
\Hy@SectionHShift=\skip50
)
(C:\Users\deian\AppData\Local\Programs\MiKTeX\tex/latex/fancyhdr\fancyhdr.sty
Package: fancyhdr 2025/02/07 v5.2 Extensive control of page headers and footers

\f@nch@headwidth=\skip51
\f@nch@offset@elh=\skip52
\f@nch@offset@erh=\skip53
\f@nch@offset@olh=\skip54
\f@nch@offset@orh=\skip55
\f@nch@offset@elf=\skip56
\f@nch@offset@erf=\skip57
\f@nch@offset@olf=\skip58
\f@nch@offset@orf=\skip59
\f@nch@height=\skip60
\f@nch@footalignment=\skip61
\f@nch@widthL=\skip62
\f@nch@widthC=\skip63
\f@nch@widthR=\skip64
\@temptokenb=\toks21
)
(C:\Users\deian\AppData\Local\Programs\MiKTeX\tex/latex/graphics\graphicx.sty
Package: graphicx 2021/09/16 v1.2d Enhanced LaTeX Graphics (DPC,SPQR)

(C:\Users\deian\AppData\Local\Programs\MiKTeX\tex/latex/graphics\graphics.sty
Package: graphics 2022/03/10 v1.4e Standard LaTeX Graphics (DPC,SPQR)

(C:\Users\deian\AppData\Local\Programs\MiKTeX\tex/latex/graphics\trig.sty
Package: trig 2021/08/11 v1.11 sin cos tan (DPC)
)
(C:\Users\deian\AppData\Local\Programs\MiKTeX\tex/latex/graphics-cfg\graphics.c
fg
File: graphics.cfg 2016/06/04 v1.11 sample graphics configuration
)
Package graphics Info: Driver file: pdftex.def on input line 107.

(C:\Users\deian\AppData\Local\Programs\MiKTeX\tex/latex/graphics-def\pdftex.def
File: pdftex.def 2022/09/22 v1.2b Graphics/color driver for pdftex
))
\Gin@req@height=\dimen146
\Gin@req@width=\dimen147
)
(C:\Users\deian\AppData\Local\Programs\MiKTeX\tex/latex/geometry\geometry.sty
Package: geometry 2020/01/02 v5.9 Page Geometry

(C:\Users\deian\AppData\Local\Programs\MiKTeX\tex/generic/iftex\ifvtex.sty
Package: ifvtex 2019/10/25 v1.7 ifvtex legacy package. Use iftex instead.
)
\Gm@cnth=\count277
\Gm@cntv=\count278
\c@Gm@tempcnt=\count279
\Gm@bindingoffset=\dimen148
\Gm@wd@mp=\dimen149
\Gm@odd@mp=\dimen150
\Gm@even@mp=\dimen151
\Gm@layoutwidth=\dimen152
\Gm@layoutheight=\dimen153
\Gm@layouthoffset=\dimen154
\Gm@layoutvoffset=\dimen155
\Gm@dimlist=\toks22

(C:\Users\deian\AppData\Local\Programs\MiKTeX\tex/latex/geometry\geometry.cfg))
(C:\Users\deian\AppData\Local\Programs\MiKTeX\tex/latex/tocloft\tocloft.sty
Package: tocloft 2017/08/31 v2.3i parameterised ToC, etc., typesetting
Package tocloft Info: The document has chapter divisions on input line 51.
\cftparskip=\skip65
\cftbeforetoctitleskip=\skip66
\cftaftertoctitleskip=\skip67
\cftbeforepartskip=\skip68
\cftpartnumwidth=\skip69
\cftpartindent=\skip70
\cftbeforechapskip=\skip71
\cftchapindent=\skip72
\cftchapnumwidth=\skip73
\cftbeforesecskip=\skip74
\cftsecindent=\skip75
\cftsecnumwidth=\skip76
\cftbeforesubsecskip=\skip77
\cftsubsecindent=\skip78
\cftsubsecnumwidth=\skip79
\cftbeforesubsubsecskip=\skip80
\cftsubsubsecindent=\skip81
\cftsubsubsecnumwidth=\skip82
\cftbeforeparaskip=\skip83
\cftparaindent=\skip84
\cftparanumwidth=\skip85
\cftbeforesubparaskip=\skip86
\cftsubparaindent=\skip87
\cftsubparanumwidth=\skip88
\cftbeforeloftitleskip=\skip89
\cftafterloftitleskip=\skip90
\cftbeforefigskip=\skip91
\cftfigindent=\skip92
\cftfignumwidth=\skip93
\c@lofdepth=\count280
\c@lotdepth=\count281
\cftbeforelottitleskip=\skip94
\cftafterlottitleskip=\skip95
\cftbeforetabskip=\skip96
\cfttabindent=\skip97
\cfttabnumwidth=\skip98
)
(C:\Users\deian\AppData\Local\Programs\MiKTeX\tex/latex/titlesec\titlesec.sty
Package: titlesec 2025/01/04 v2.17 Sectioning titles
\ttl@box=\box51
\beforetitleunit=\skip99
\aftertitleunit=\skip100
\ttl@plus=\dimen156
\ttl@minus=\dimen157
\ttl@toksa=\toks23
\titlewidth=\dimen158
\titlewidthlast=\dimen159
\titlewidthfirst=\dimen160
)
(C:\Users\deian\AppData\Local\Programs\MiKTeX\tex/latex/listings\listings.sty
\lst@mode=\count282
\lst@gtempboxa=\box52
\lst@token=\toks24
\lst@length=\count283
\lst@currlwidth=\dimen161
\lst@column=\count284
\lst@pos=\count285
\lst@lostspace=\dimen162
\lst@width=\dimen163
\lst@newlines=\count286
\lst@lineno=\count287
\lst@maxwidth=\dimen164

(C:\Users\deian\AppData\Local\Programs\MiKTeX\tex/latex/listings\lstmisc.sty
File: lstmisc.sty 2023/02/27 1.9 (Carsten Heinz)
\c@lstnumber=\count288
\lst@skipnumbers=\count289
\lst@framebox=\box53
)
(C:\Users\deian\AppData\Local\Programs\MiKTeX\tex/latex/listings\listings.cfg
File: listings.cfg 2023/02/27 1.9 listings configuration
))
Package: listings 2023/02/27 1.9 (Carsten Heinz)
(C:\Users\deian\AppData\Local\Programs\MiKTeX\tex/latex/xcolor\xcolor.sty
Package: xcolor 2023/11/15 v3.01 LaTeX color extensions (UK)

(C:\Users\deian\AppData\Local\Programs\MiKTeX\tex/latex/graphics-cfg\color.cfg
File: color.cfg 2016/01/02 v1.6 sample color configuration
)
Package xcolor Info: Driver file: pdftex.def on input line 274.
(C:\Users\deian\AppData\Local\Programs\MiKTeX\tex/latex/graphics\mathcolor.ltx)
Package xcolor Info: Model `cmy' substituted by `cmy0' on input line 1350.
Package xcolor Info: Model `hsb' substituted by `rgb' on input line 1354.
Package xcolor Info: Model `RGB' extended on input line 1366.
Package xcolor Info: Model `HTML' substituted by `rgb' on input line 1368.
Package xcolor Info: Model `Hsb' substituted by `hsb' on input line 1369.
Package xcolor Info: Model `tHsb' substituted by `hsb' on input line 1370.
Package xcolor Info: Model `HSB' substituted by `hsb' on input line 1371.
Package xcolor Info: Model `Gray' substituted by `gray' on input line 1372.
Package xcolor Info: Model `wave' substituted by `hsb' on input line 1373.
) (C:\Users\deian\AppData\Local\Programs\MiKTeX\tex/latex/float\float.sty
Package: float 2001/11/08 v1.3d Float enhancements (AL)
\c@float@type=\count290
\float@exts=\toks25
\float@box=\box54
\@float@everytoks=\toks26
\@floatcapt=\box55
)
(C:\Users\deian\AppData\Local\Programs\MiKTeX\tex/latex/pgf/frontendlayer\tikz.
sty
(C:\Users\deian\AppData\Local\Programs\MiKTeX\tex/latex/pgf/basiclayer\pgf.sty
(C:\Users\deian\AppData\Local\Programs\MiKTeX\tex/latex/pgf/utilities\pgfrcs.st
y
(C:\Users\deian\AppData\Local\Programs\MiKTeX\tex/generic/pgf/utilities\pgfutil
-common.tex
\pgfutil@everybye=\toks27
\pgfutil@tempdima=\dimen165
\pgfutil@tempdimb=\dimen166
)
(C:\Users\deian\AppData\Local\Programs\MiKTeX\tex/generic/pgf/utilities\pgfutil
-latex.def
\pgfutil@abb=\box56
)
(C:\Users\deian\AppData\Local\Programs\MiKTeX\tex/generic/pgf/utilities\pgfrcs.
code.tex
(C:\Users\deian\AppData\Local\Programs\MiKTeX\tex/generic/pgf\pgf.revision.tex)
Package: pgfrcs 2023-01-15 v3.1.10 (3.1.10)
))
Package: pgf 2023-01-15 v3.1.10 (3.1.10)

(C:\Users\deian\AppData\Local\Programs\MiKTeX\tex/latex/pgf/basiclayer\pgfcore.
sty
(C:\Users\deian\AppData\Local\Programs\MiKTeX\tex/latex/pgf/systemlayer\pgfsys.
sty
(C:\Users\deian\AppData\Local\Programs\MiKTeX\tex/generic/pgf/systemlayer\pgfsy
s.code.tex
Package: pgfsys 2023-01-15 v3.1.10 (3.1.10)

(C:\Users\deian\AppData\Local\Programs\MiKTeX\tex/generic/pgf/utilities\pgfkeys
.code.tex
\pgfkeys@pathtoks=\toks28
\pgfkeys@temptoks=\toks29

(C:\Users\deian\AppData\Local\Programs\MiKTeX\tex/generic/pgf/utilities\pgfkeys
libraryfiltered.code.tex
\pgfkeys@tmptoks=\toks30
))
\pgf@x=\dimen167
\pgf@y=\dimen168
\pgf@xa=\dimen169
\pgf@ya=\dimen170
\pgf@xb=\dimen171
\pgf@yb=\dimen172
\pgf@xc=\dimen173
\pgf@yc=\dimen174
\pgf@xd=\dimen175
\pgf@yd=\dimen176
\w@pgf@writea=\write3
\r@pgf@reada=\read3
\c@pgf@counta=\count291
\c@pgf@countb=\count292
\c@pgf@countc=\count293
\c@pgf@countd=\count294
\t@pgf@toka=\toks31
\t@pgf@tokb=\toks32
\t@pgf@tokc=\toks33
\pgf@sys@id@count=\count295

(C:\Users\deian\AppData\Local\Programs\MiKTeX\tex/generic/pgf/systemlayer\pgf.c
fg
File: pgf.cfg 2023-01-15 v3.1.10 (3.1.10)
)
Driver file for pgf: pgfsys-pdftex.def

(C:\Users\deian\AppData\Local\Programs\MiKTeX\tex/generic/pgf/systemlayer\pgfsy
s-pdftex.def
File: pgfsys-pdftex.def 2023-01-15 v3.1.10 (3.1.10)

(C:\Users\deian\AppData\Local\Programs\MiKTeX\tex/generic/pgf/systemlayer\pgfsy
s-common-pdf.def
File: pgfsys-common-pdf.def 2023-01-15 v3.1.10 (3.1.10)
)))
(C:\Users\deian\AppData\Local\Programs\MiKTeX\tex/generic/pgf/systemlayer\pgfsy
ssoftpath.code.tex
File: pgfsyssoftpath.code.tex 2023-01-15 v3.1.10 (3.1.10)
\pgfsyssoftpath@smallbuffer@items=\count296
\pgfsyssoftpath@bigbuffer@items=\count297
)
(C:\Users\deian\AppData\Local\Programs\MiKTeX\tex/generic/pgf/systemlayer\pgfsy
sprotocol.code.tex
File: pgfsysprotocol.code.tex 2023-01-15 v3.1.10 (3.1.10)
))
(C:\Users\deian\AppData\Local\Programs\MiKTeX\tex/generic/pgf/basiclayer\pgfcor
e.code.tex
Package: pgfcore 2023-01-15 v3.1.10 (3.1.10)

(C:\Users\deian\AppData\Local\Programs\MiKTeX\tex/generic/pgf/math\pgfmath.code
.tex
(C:\Users\deian\AppData\Local\Programs\MiKTeX\tex/generic/pgf/math\pgfmathutil.
code.tex)
(C:\Users\deian\AppData\Local\Programs\MiKTeX\tex/generic/pgf/math\pgfmathparse
r.code.tex
\pgfmath@dimen=\dimen177
\pgfmath@count=\count298
\pgfmath@box=\box57
\pgfmath@toks=\toks34
\pgfmath@stack@operand=\toks35
\pgfmath@stack@operation=\toks36
)
(C:\Users\deian\AppData\Local\Programs\MiKTeX\tex/generic/pgf/math\pgfmathfunct
ions.code.tex)
(C:\Users\deian\AppData\Local\Programs\MiKTeX\tex/generic/pgf/math\pgfmathfunct
ions.basic.code.tex)
(C:\Users\deian\AppData\Local\Programs\MiKTeX\tex/generic/pgf/math\pgfmathfunct
ions.trigonometric.code.tex)
(C:\Users\deian\AppData\Local\Programs\MiKTeX\tex/generic/pgf/math\pgfmathfunct
ions.random.code.tex)
(C:\Users\deian\AppData\Local\Programs\MiKTeX\tex/generic/pgf/math\pgfmathfunct
ions.comparison.code.tex)
(C:\Users\deian\AppData\Local\Programs\MiKTeX\tex/generic/pgf/math\pgfmathfunct
ions.base.code.tex)
(C:\Users\deian\AppData\Local\Programs\MiKTeX\tex/generic/pgf/math\pgfmathfunct
ions.round.code.tex)
(C:\Users\deian\AppData\Local\Programs\MiKTeX\tex/generic/pgf/math\pgfmathfunct
ions.misc.code.tex)
(C:\Users\deian\AppData\Local\Programs\MiKTeX\tex/generic/pgf/math\pgfmathfunct
ions.integerarithmetics.code.tex)
(C:\Users\deian\AppData\Local\Programs\MiKTeX\tex/generic/pgf/math\pgfmathcalc.
code.tex)
(C:\Users\deian\AppData\Local\Programs\MiKTeX\tex/generic/pgf/math\pgfmathfloat
.code.tex
\c@pgfmathroundto@lastzeros=\count299
))
(C:\Users\deian\AppData\Local\Programs\MiKTeX\tex/generic/pgf/math\pgfint.code.
tex)
(C:\Users\deian\AppData\Local\Programs\MiKTeX\tex/generic/pgf/basiclayer\pgfcor
epoints.code.tex
File: pgfcorepoints.code.tex 2023-01-15 v3.1.10 (3.1.10)
\pgf@picminx=\dimen178
\pgf@picmaxx=\dimen179
\pgf@picminy=\dimen180
\pgf@picmaxy=\dimen181
\pgf@pathminx=\dimen182
\pgf@pathmaxx=\dimen183
\pgf@pathminy=\dimen184
\pgf@pathmaxy=\dimen185
\pgf@xx=\dimen186
\pgf@xy=\dimen187
\pgf@yx=\dimen188
\pgf@yy=\dimen189
\pgf@zx=\dimen190
\pgf@zy=\dimen191
)
(C:\Users\deian\AppData\Local\Programs\MiKTeX\tex/generic/pgf/basiclayer\pgfcor
epathconstruct.code.tex
File: pgfcorepathconstruct.code.tex 2023-01-15 v3.1.10 (3.1.10)
\pgf@path@lastx=\dimen192
\pgf@path@lasty=\dimen193
)
(C:\Users\deian\AppData\Local\Programs\MiKTeX\tex/generic/pgf/basiclayer\pgfcor
epathusage.code.tex
File: pgfcorepathusage.code.tex 2023-01-15 v3.1.10 (3.1.10)
\pgf@shorten@end@additional=\dimen194
\pgf@shorten@start@additional=\dimen195
)
(C:\Users\deian\AppData\Local\Programs\MiKTeX\tex/generic/pgf/basiclayer\pgfcor
escopes.code.tex
File: pgfcorescopes.code.tex 2023-01-15 v3.1.10 (3.1.10)
\pgfpic=\box58
\pgf@hbox=\box59
\pgf@layerbox@main=\box60
\pgf@picture@serial@count=\count300
)
(C:\Users\deian\AppData\Local\Programs\MiKTeX\tex/generic/pgf/basiclayer\pgfcor
egraphicstate.code.tex
File: pgfcoregraphicstate.code.tex 2023-01-15 v3.1.10 (3.1.10)
\pgflinewidth=\dimen196
)
(C:\Users\deian\AppData\Local\Programs\MiKTeX\tex/generic/pgf/basiclayer\pgfcor
etransformations.code.tex
File: pgfcoretransformations.code.tex 2023-01-15 v3.1.10 (3.1.10)
\pgf@pt@x=\dimen197
\pgf@pt@y=\dimen198
\pgf@pt@temp=\dimen199
)
(C:\Users\deian\AppData\Local\Programs\MiKTeX\tex/generic/pgf/basiclayer\pgfcor
equick.code.tex
File: pgfcorequick.code.tex 2023-01-15 v3.1.10 (3.1.10)
)
(C:\Users\deian\AppData\Local\Programs\MiKTeX\tex/generic/pgf/basiclayer\pgfcor
eobjects.code.tex
File: pgfcoreobjects.code.tex 2023-01-15 v3.1.10 (3.1.10)
)
(C:\Users\deian\AppData\Local\Programs\MiKTeX\tex/generic/pgf/basiclayer\pgfcor
epathprocessing.code.tex
File: pgfcorepathprocessing.code.tex 2023-01-15 v3.1.10 (3.1.10)
)
(C:\Users\deian\AppData\Local\Programs\MiKTeX\tex/generic/pgf/basiclayer\pgfcor
earrows.code.tex
File: pgfcorearrows.code.tex 2023-01-15 v3.1.10 (3.1.10)
\pgfarrowsep=\dimen256
)
(C:\Users\deian\AppData\Local\Programs\MiKTeX\tex/generic/pgf/basiclayer\pgfcor
eshade.code.tex
File: pgfcoreshade.code.tex 2023-01-15 v3.1.10 (3.1.10)
\pgf@max=\dimen257
\pgf@sys@shading@range@num=\count301
\pgf@shadingcount=\count302
)
(C:\Users\deian\AppData\Local\Programs\MiKTeX\tex/generic/pgf/basiclayer\pgfcor
eimage.code.tex
File: pgfcoreimage.code.tex 2023-01-15 v3.1.10 (3.1.10)
)
(C:\Users\deian\AppData\Local\Programs\MiKTeX\tex/generic/pgf/basiclayer\pgfcor
eexternal.code.tex
File: pgfcoreexternal.code.tex 2023-01-15 v3.1.10 (3.1.10)
\pgfexternal@startupbox=\box61
)
(C:\Users\deian\AppData\Local\Programs\MiKTeX\tex/generic/pgf/basiclayer\pgfcor
elayers.code.tex
File: pgfcorelayers.code.tex 2023-01-15 v3.1.10 (3.1.10)
)
(C:\Users\deian\AppData\Local\Programs\MiKTeX\tex/generic/pgf/basiclayer\pgfcor
etransparency.code.tex
File: pgfcoretransparency.code.tex 2023-01-15 v3.1.10 (3.1.10)
)
(C:\Users\deian\AppData\Local\Programs\MiKTeX\tex/generic/pgf/basiclayer\pgfcor
epatterns.code.tex
File: pgfcorepatterns.code.tex 2023-01-15 v3.1.10 (3.1.10)
)
(C:\Users\deian\AppData\Local\Programs\MiKTeX\tex/generic/pgf/basiclayer\pgfcor
erdf.code.tex
File: pgfcorerdf.code.tex 2023-01-15 v3.1.10 (3.1.10)
)))
(C:\Users\deian\AppData\Local\Programs\MiKTeX\tex/generic/pgf/modules\pgfmodule
shapes.code.tex
File: pgfmoduleshapes.code.tex 2023-01-15 v3.1.10 (3.1.10)
\pgfnodeparttextbox=\box62
)
(C:\Users\deian\AppData\Local\Programs\MiKTeX\tex/generic/pgf/modules\pgfmodule
plot.code.tex
File: pgfmoduleplot.code.tex 2023-01-15 v3.1.10 (3.1.10)
)
(C:\Users\deian\AppData\Local\Programs\MiKTeX\tex/latex/pgf/compatibility\pgfco
mp-version-0-65.sty
Package: pgfcomp-version-0-65 2023-01-15 v3.1.10 (3.1.10)
\pgf@nodesepstart=\dimen258
\pgf@nodesepend=\dimen259
)
(C:\Users\deian\AppData\Local\Programs\MiKTeX\tex/latex/pgf/compatibility\pgfco
mp-version-1-18.sty
Package: pgfcomp-version-1-18 2023-01-15 v3.1.10 (3.1.10)
))
(C:\Users\deian\AppData\Local\Programs\MiKTeX\tex/latex/pgf/utilities\pgffor.st
y
(C:\Users\deian\AppData\Local\Programs\MiKTeX\tex/latex/pgf/utilities\pgfkeys.s
ty
(C:\Users\deian\AppData\Local\Programs\MiKTeX\tex/generic/pgf/utilities\pgfkeys
.code.tex))
(C:\Users\deian\AppData\Local\Programs\MiKTeX\tex/latex/pgf/math\pgfmath.sty
(C:\Users\deian\AppData\Local\Programs\MiKTeX\tex/generic/pgf/math\pgfmath.code
.tex))
(C:\Users\deian\AppData\Local\Programs\MiKTeX\tex/generic/pgf/utilities\pgffor.
code.tex
Package: pgffor 2023-01-15 v3.1.10 (3.1.10)
\pgffor@iter=\dimen260
\pgffor@skip=\dimen261
\pgffor@stack=\toks37
\pgffor@toks=\toks38
))
(C:\Users\deian\AppData\Local\Programs\MiKTeX\tex/generic/pgf/frontendlayer/tik
z\tikz.code.tex
Package: tikz 2023-01-15 v3.1.10 (3.1.10)

(C:\Users\deian\AppData\Local\Programs\MiKTeX\tex/generic/pgf/libraries\pgflibr
aryplothandlers.code.tex
File: pgflibraryplothandlers.code.tex 2023-01-15 v3.1.10 (3.1.10)
\pgf@plot@mark@count=\count303
\pgfplotmarksize=\dimen262
)
\tikz@lastx=\dimen263
\tikz@lasty=\dimen264
\tikz@lastxsaved=\dimen265
\tikz@lastysaved=\dimen266
\tikz@lastmovetox=\dimen267
\tikz@lastmovetoy=\dimen268
\tikzleveldistance=\dimen269
\tikzsiblingdistance=\dimen270
\tikz@figbox=\box63
\tikz@figbox@bg=\box64
\tikz@tempbox=\box65
\tikz@tempbox@bg=\box66
\tikztreelevel=\count304
\tikznumberofchildren=\count305
\tikznumberofcurrentchild=\count306
\tikz@fig@count=\count307

(C:\Users\deian\AppData\Local\Programs\MiKTeX\tex/generic/pgf/modules\pgfmodule
matrix.code.tex
File: pgfmodulematrix.code.tex 2023-01-15 v3.1.10 (3.1.10)
\pgfmatrixcurrentrow=\count308
\pgfmatrixcurrentcolumn=\count309
\pgf@matrix@numberofcolumns=\count310
)
\tikz@expandcount=\count311

(C:\Users\deian\AppData\Local\Programs\MiKTeX\tex/generic/pgf/frontendlayer/tik
z/libraries\tikzlibrarytopaths.code.tex
File: tikzlibrarytopaths.code.tex 2023-01-15 v3.1.10 (3.1.10)
)))
(C:\Users\deian\AppData\Local\Programs\MiKTeX\tex/latex/psnfss\courier.sty
Package: courier 2020/03/25 PSNFSS-v9.3 (WaS) 
)
(C:\Users\deian\AppData\Local\Programs\MiKTeX\tex/latex/pgfgantt\pgfgantt.sty
Package: pgfgantt 2024/06/19 v5.0a Draw Gantt diagrams with TikZ

(C:\Users\deian\AppData\Local\Programs\MiKTeX\tex/generic/pgf/frontendlayer/tik
z/libraries\tikzlibraryarrows.code.tex
File: tikzlibraryarrows.code.tex 2023-01-15 v3.1.10 (3.1.10)

(C:\Users\deian\AppData\Local\Programs\MiKTeX\tex/generic/pgf/libraries\pgflibr
aryarrows.code.tex
File: pgflibraryarrows.code.tex 2023-01-15 v3.1.10 (3.1.10)
\arrowsize=\dimen271
))
(C:\Users\deian\AppData\Local\Programs\MiKTeX\tex/generic/pgf/frontendlayer/tik
z/libraries\tikzlibrarybackgrounds.code.tex
File: tikzlibrarybackgrounds.code.tex 2023-01-15 v3.1.10 (3.1.10)
\pgf@layerbox@background=\box67
\pgf@layerboxsaved@background=\box68
)
(C:\Users\deian\AppData\Local\Programs\MiKTeX\tex/generic/pgf/frontendlayer/tik
z/libraries\tikzlibrarycalc.code.tex
File: tikzlibrarycalc.code.tex 2023-01-15 v3.1.10 (3.1.10)
)
(C:\Users\deian\AppData\Local\Programs\MiKTeX\tex/generic/pgf/frontendlayer/tik
z/libraries\tikzlibrarypatterns.code.tex
File: tikzlibrarypatterns.code.tex 2023-01-15 v3.1.10 (3.1.10)

(C:\Users\deian\AppData\Local\Programs\MiKTeX\tex/generic/pgf/libraries\pgflibr
arypatterns.code.tex
File: pgflibrarypatterns.code.tex 2023-01-15 v3.1.10 (3.1.10)
))
(C:\Users\deian\AppData\Local\Programs\MiKTeX\tex/generic/pgf/frontendlayer/tik
z/libraries\tikzlibrarypositioning.code.tex
File: tikzlibrarypositioning.code.tex 2023-01-15 v3.1.10 (3.1.10)
)
(C:\Users\deian\AppData\Local\Programs\MiKTeX\tex/generic/pgf/frontendlayer/tik
z/libraries\tikzlibraryshapes.geometric.code.tex
File: tikzlibraryshapes.geometric.code.tex 2023-01-15 v3.1.10 (3.1.10)

(C:\Users\deian\AppData\Local\Programs\MiKTeX\tex/generic/pgf/libraries/shapes\
pgflibraryshapes.geometric.code.tex
File: pgflibraryshapes.geometric.code.tex 2023-01-15 v3.1.10 (3.1.10)
))
(C:\Users\deian\AppData\Local\Programs\MiKTeX\tex/latex/pgf/utilities\pgfcalend
ar.sty
(C:\Users\deian\AppData\Local\Programs\MiKTeX\tex/generic/pgf/utilities\pgfcale
ndar.code.tex
File: pgfcalendar.code.tex 2023-01-15 v3.1.10 (3.1.10)
\pgfcalendarcurrentjulian=\count312
\pgf@cal@easter@Y=\count313
\pgf@cal@easter@G=\count314
\pgf@cal@easter@C=\count315
\pgf@cal@easter@X=\count316
\pgf@cal@easter@Z=\count317
\pgf@cal@easter@D=\count318
\pgf@cal@easter@E=\count319
\pgf@cal@easter@N=\count320
\pgf@cal@easter@M=\count321
\pgf@cal@easter@julianday=\count322
))
\gtt@currentline=\count323
\gtt@lasttitleline=\count324
\gtt@currgrid=\count325
\gtt@chartwidth=\count326
\gtt@lasttitleslot=\count327
\gtt@elementid=\count328
\gtt@today@slot=\count329
\gtt@startjulian=\count330
\gtt@endjulian=\count331
\gtt@chartid=\count332
\gtt@vrule@slot=\count333
\gtt@calendar@slots=\count334
\gtt@calendar@weeknumber=\count335
\gtt@calendar@startofweek=\count336
\gtt@left@slot=\count337
\gtt@right@slot=\count338
)
(C:\Users\deian\AppData\Local\Programs\MiKTeX\tex/latex/enumitem\enumitem.sty
Package: enumitem 2019/06/20 v3.9 Customized lists
\labelindent=\skip101
\enit@outerparindent=\dimen272
\enit@toks=\toks39
\enit@inbox=\box69
\enit@count@id=\count339
\enitdp@description=\count340
)
(C:\Users\deian\AppData\Local\Programs\MiKTeX\tex/latex/placeins\placeins.sty
Package: placeins 2005/04/18  v 2.2
)
(C:\Users\deian\AppData\Local\Programs\MiKTeX\tex/latex/caption\subcaption.sty
Package: subcaption 2023/07/28 v1.6b Sub-captions (AR)

(C:\Users\deian\AppData\Local\Programs\MiKTeX\tex/latex/caption\caption.sty
Package: caption 2023/08/05 v3.6o Customizing captions (AR)

(C:\Users\deian\AppData\Local\Programs\MiKTeX\tex/latex/caption\caption3.sty
Package: caption3 2023/07/31 v2.4d caption3 kernel (AR)
\caption@tempdima=\dimen273
\captionmargin=\dimen274
\caption@leftmargin=\dimen275
\caption@rightmargin=\dimen276
\caption@width=\dimen277
\caption@indent=\dimen278
\caption@parindent=\dimen279
\caption@hangindent=\dimen280
Package caption Info: Standard document class detected.
)
\c@caption@flags=\count341
\c@continuedfloat=\count342
Package caption Info: float package is loaded.
Package caption Info: hyperref package is loaded.
Package caption Info: listings package is loaded.
)
Package caption Info: New subtype `subfigure' on input line 238.
\c@subfigure=\count343
Package caption Info: New subtype `subtable' on input line 238.
\c@subtable=\count344
) (C:\Users\deian\AppData\Local\Programs\MiKTeX\tex/latex/pdfpages\pdfpages.sty
Package: pdfpages 2025/03/12 v0.6f Insert pages of external PDF documents (AM)

(C:\Users\deian\AppData\Local\Programs\MiKTeX\tex/latex/base\ifthen.sty
Package: ifthen 2022/04/13 v1.1d Standard LaTeX ifthen package (DPC)
)
(C:\Users\deian\AppData\Local\Programs\MiKTeX\tex/latex/tools\calc.sty
Package: calc 2023/07/08 v4.3 Infix arithmetic (KKT,FJ)
\calc@Acount=\count345
\calc@Bcount=\count346
\calc@Adimen=\dimen281
\calc@Bdimen=\dimen282
\calc@Askip=\skip102
\calc@Bskip=\skip103
LaTeX Info: Redefining \setlength on input line 80.
LaTeX Info: Redefining \addtolength on input line 81.
\calc@Ccount=\count347
\calc@Cskip=\skip104
)
(C:\Users\deian\AppData\Local\Programs\MiKTeX\tex/latex/eso-pic\eso-pic.sty
Package: eso-pic 2023/05/03 v3.0c eso-pic (RN)
\ESO@tempdima=\dimen283
\ESO@tempdimb=\dimen284
)
\AM@pagewidth=\dimen285
\AM@pageheight=\dimen286
\AM@fboxrule=\dimen287

(C:\Users\deian\AppData\Local\Programs\MiKTeX\tex/latex/pdfpages\pppdftex.def
File: pppdftex.def 2025/03/12 v0.6f Pdfpages driver for pdfTeX (AM)
)
\pdfpages@includegraphics@status=\count348
\AM@pagebox=\box70
\AM@global@opts=\toks40
\AM@pagecnt=\count349
\AM@toc@title=\toks41
\AM@lof@heading=\toks42
\c@AM@survey=\count350
\AM@templatesizebox=\box71
) (C:\Users\deian\AppData\Local\Programs\MiKTeX\tex/latex/tools\tabularx.sty
Package: tabularx 2023/07/08 v2.11c `tabularx' package (DPC)

(C:\Users\deian\AppData\Local\Programs\MiKTeX\tex/latex/tools\array.sty
Package: array 2023/10/16 v2.5g Tabular extension package (FMi)
\col@sep=\dimen288
\ar@mcellbox=\box72
\extrarowheight=\dimen289
\NC@list=\toks43
\extratabsurround=\skip105
\backup@length=\skip106
\ar@cellbox=\box73
)
\TX@col@width=\dimen290
\TX@old@table=\dimen291
\TX@old@col=\dimen292
\TX@target=\dimen293
\TX@delta=\dimen294
\TX@cols=\count351
\TX@ftn=\toks44
)
(C:\Users\deian\AppData\Local\Programs\MiKTeX\tex/latex/colortbl\colortbl.sty
Package: colortbl 2024/07/06 v1.0i Color table columns (DPC)
\everycr=\toks45
\minrowclearance=\skip107
\rownum=\count352
)
(C:\Users\deian\AppData\Local\Programs\MiKTeX\tex/generic/pgf/frontendlayer/tik
z/libraries\tikzlibraryshapes.code.tex
File: tikzlibraryshapes.code.tex 2023-01-15 v3.1.10 (3.1.10)

(C:\Users\deian\AppData\Local\Programs\MiKTeX\tex/generic/pgf/frontendlayer/tik
z/libraries\tikzlibraryshapes.misc.code.tex
File: tikzlibraryshapes.misc.code.tex 2023-01-15 v3.1.10 (3.1.10)

(C:\Users\deian\AppData\Local\Programs\MiKTeX\tex/generic/pgf/libraries/shapes\
pgflibraryshapes.misc.code.tex
File: pgflibraryshapes.misc.code.tex 2023-01-15 v3.1.10 (3.1.10)
))
(C:\Users\deian\AppData\Local\Programs\MiKTeX\tex/generic/pgf/frontendlayer/tik
z/libraries\tikzlibraryshapes.symbols.code.tex
File: tikzlibraryshapes.symbols.code.tex 2023-01-15 v3.1.10 (3.1.10)

(C:\Users\deian\AppData\Local\Programs\MiKTeX\tex/generic/pgf/libraries/shapes\
pgflibraryshapes.symbols.code.tex
File: pgflibraryshapes.symbols.code.tex 2023-01-15 v3.1.10 (3.1.10)
))
(C:\Users\deian\AppData\Local\Programs\MiKTeX\tex/generic/pgf/frontendlayer/tik
z/libraries\tikzlibraryshapes.arrows.code.tex
File: tikzlibraryshapes.arrows.code.tex 2023-01-15 v3.1.10 (3.1.10)

(C:\Users\deian\AppData\Local\Programs\MiKTeX\tex/generic/pgf/libraries/shapes\
pgflibraryshapes.arrows.code.tex
File: pgflibraryshapes.arrows.code.tex 2023-01-15 v3.1.10 (3.1.10)
))
(C:\Users\deian\AppData\Local\Programs\MiKTeX\tex/generic/pgf/frontendlayer/tik
z/libraries\tikzlibraryshapes.callouts.code.tex
(C:\Users\deian\AppData\Local\Programs\MiKTeX\tex/generic/pgf/libraries/shapes\
pgflibraryshapes.callouts.code.tex))
(C:\Users\deian\AppData\Local\Programs\MiKTeX\tex/generic/pgf/frontendlayer/tik
z/libraries\tikzlibraryshapes.multipart.code.tex
File: tikzlibraryshapes.multipart.code.tex 2023-01-15 v3.1.10 (3.1.10)

(C:\Users\deian\AppData\Local\Programs\MiKTeX\tex/generic/pgf/libraries/shapes\
pgflibraryshapes.multipart.code.tex
File: pgflibraryshapes.multipart.code.tex 2023-01-15 v3.1.10 (3.1.10)
\pgfnodepartlowerbox=\box74
\pgfnodeparttwobox=\box75
\pgfnodepartthreebox=\box76
\pgfnodepartfourbox=\box77
\pgfnodeparttwentybox=\box78
\pgfnodepartnineteenbox=\box79
\pgfnodeparteighteenbox=\box80
\pgfnodepartseventeenbox=\box81
\pgfnodepartsixteenbox=\box82
\pgfnodepartfifteenbox=\box83
\pgfnodepartfourteenbox=\box84
\pgfnodepartthirteenbox=\box85
\pgfnodeparttwelvebox=\box86
\pgfnodepartelevenbox=\box87
\pgfnodeparttenbox=\box88
\pgfnodepartninebox=\box89
\pgfnodeparteightbox=\box90
\pgfnodepartsevenbox=\box91
\pgfnodepartsixbox=\box92
\pgfnodepartfivebox=\box93
)))
(C:\Users\deian\AppData\Local\Programs\MiKTeX\tex/latex/listings\lstlang1.sty
File: lstlang1.sty 2023/02/27 1.9 listings language file
)
(C:\Users\deian\AppData\Local\Programs\MiKTeX\tex/latex/listings\lstlang1.sty
File: lstlang1.sty 2023/02/27 1.9 listings language file
)
LaTeX Font Info:    Trying to load font information for T1+lmr on input line 15
0.

(C:\Users\deian\AppData\Local\Programs\MiKTeX\tex/latex/lm\t1lmr.fd
File: t1lmr.fd 2015/05/01 v1.6.1 Font defs for Latin Modern
)
(C:\Users\deian\AppData\Local\Programs\MiKTeX\tex/latex/l3backend\l3backend-pdf
tex.def
File: l3backend-pdftex.def 2024-01-04 L3 backend support: PDF output (pdfTeX)
\l__color_backend_stack_int=\count353
\l__pdf_internal_box=\box94
) (main.aux
LaTeX Info: Redefining \. on input line 11.
LaTeX Info: Redefining \% on input line 11.


LaTeX Warning: Label `lst:instalacion-snort-agent' multiply defined.

)
\openout1 = `main.aux'.

LaTeX Font Info:    Checking defaults for OML/cmm/m/it on input line 150.
LaTeX Font Info:    ... okay on input line 150.
LaTeX Font Info:    Checking defaults for OMS/cmsy/m/n on input line 150.
LaTeX Font Info:    ... okay on input line 150.
LaTeX Font Info:    Checking defaults for OT1/cmr/m/n on input line 150.
LaTeX Font Info:    ... okay on input line 150.
LaTeX Font Info:    Checking defaults for T1/cmr/m/n on input line 150.
LaTeX Font Info:    ... okay on input line 150.
LaTeX Font Info:    Checking defaults for TS1/cmr/m/n on input line 150.
LaTeX Font Info:    ... okay on input line 150.
LaTeX Font Info:    Checking defaults for OMX/cmex/m/n on input line 150.
LaTeX Font Info:    ... okay on input line 150.
LaTeX Font Info:    Checking defaults for U/cmr/m/n on input line 150.
LaTeX Font Info:    ... okay on input line 150.
LaTeX Font Info:    Checking defaults for PD1/pdf/m/n on input line 150.
LaTeX Font Info:    ... okay on input line 150.
LaTeX Font Info:    Checking defaults for PU/pdf/m/n on input line 150.
LaTeX Font Info:    ... okay on input line 150.
LaTeX Info: Redefining \. on input line 150.
LaTeX Info: Redefining \% on input line 150.
Package hyperref Info: Link coloring OFF on input line 150.
 (main.out) (main.out)
\@outlinefile=\write4
\openout4 = `main.out'.


(C:\Users\deian\AppData\Local\Programs\MiKTeX\tex/context/base/mkii\supp-pdf.mk
ii
[Loading MPS to PDF converter (version 2006.09.02).]
\scratchcounter=\count354
\scratchdimen=\dimen295
\scratchbox=\box95
\nofMPsegments=\count355
\nofMParguments=\count356
\everyMPshowfont=\toks46
\MPscratchCnt=\count357
\MPscratchDim=\dimen296
\MPnumerator=\count358
\makeMPintoPDFobject=\count359
\everyMPtoPDFconversion=\toks47
)
(C:\Users\deian\AppData\Local\Programs\MiKTeX\tex/latex/epstopdf-pkg\epstopdf-b
ase.sty
Package: epstopdf-base 2020-01-24 v2.11 Base part for package epstopdf
Package epstopdf-base Info: Redefining graphics rule for `.eps' on input line 4
85.

(C:\Users\deian\AppData\Local\Programs\MiKTeX\tex/latex/00miktex\epstopdf-sys.c
fg
File: epstopdf-sys.cfg 2021/03/18 v2.0 Configuration of epstopdf for MiKTeX
))
*geometry* driver: auto-detecting
*geometry* detected driver: pdftex
*geometry* verbose mode - [ preamble ] result:
* driver: pdftex
* paper: a4paper
* layout: <same size as paper>
* layoutoffset:(h,v)=(0.0pt,0.0pt)
* modes: twoside 
* h-part:(L,W,R)=(71.13188pt, 455.24411pt, 71.13188pt)
* v-part:(T,H,B)=(71.13188pt, 702.78308pt, 71.13188pt)
* \paperwidth=597.50787pt
* \paperheight=845.04684pt
* \textwidth=455.24411pt
* \textheight=702.78308pt
* \oddsidemargin=-1.1381pt
* \evensidemargin=-1.1381pt
* \topmargin=-42.1381pt
* \headheight=16.0pt
* \headsep=25.0pt
* \topskip=11.0pt
* \footskip=30.0pt
* \marginparwidth=103.0pt
* \marginparsep=10.0pt
* \columnsep=10.0pt
* \skip\footins=10.0pt plus 4.0pt minus 2.0pt
* \hoffset=0.0pt
* \voffset=0.0pt
* \mag=1000
* \@twocolumnfalse
* \@twosidetrue
* \@mparswitchtrue
* \@reversemarginfalse
* (1in=72.27pt=25.4mm, 1cm=28.453pt)

\c@lstlisting=\count360
Package caption Info: Begin \AtBeginDocument code.
Package caption Info: End \AtBeginDocument code.

(C:\Users\deian\AppData\Local\Programs\MiKTeX\tex/latex/pdflscape\pdflscape.sty
Package: pdflscape 2022-10-27 v0.13 Display of landscape pages in PDF

(C:\Users\deian\AppData\Local\Programs\MiKTeX\tex/latex/pdflscape\pdflscape-nom
etadata.sty
Package: pdflscape-nometadata 2022-10-28 v0.13 Display of landscape pages in PD
F (HO)

(C:\Users\deian\AppData\Local\Programs\MiKTeX\tex/latex/graphics\lscape.sty
Package: lscape 2020/05/28 v3.02 Landscape Pages (DPC)
)
Package pdflscape Info: Auto-detected driver: pdftex on input line 81.
))

pdfTeX warning: pdflatex.exe (file ./portada.pdf): PDF inclusion: found PDF ver
sion <1.7>, but at most version <1.5> allowed
<portada.pdf, id=234, 597.62169pt x 845.16069pt>
File: portada.pdf Graphic file (type pdf)
<use portada.pdf>
Package pdftex.def Info: portada.pdf  used on input line 156.
(pdftex.def)             Requested size: 597.62022pt x 845.15863pt.


pdfTeX warning: pdflatex.exe (file ./portada.pdf): PDF inclusion: found PDF ver
sion <1.7>, but at most version <1.5> allowed


pdfTeX warning: pdflatex.exe (file ./portada.pdf): PDF inclusion: found PDF ver
sion <1.7>, but at most version <1.5> allowed
<portada.pdf, id=236, page=1, 597.62169pt x 845.16069pt>
File: portada.pdf Graphic file (type pdf)
<use portada.pdf, page 1>
Package pdftex.def Info: portada.pdf , page1 used on input line 156.
(pdftex.def)             Requested size: 597.62022pt x 845.15863pt.
File: portada.pdf Graphic file (type pdf)
<use portada.pdf, page 1>
Package pdftex.def Info: portada.pdf , page1 used on input line 156.
(pdftex.def)             Requested size: 597.72964pt x 845.31337pt.
File: portada.pdf Graphic file (type pdf)
<use portada.pdf, page 1>
Package pdftex.def Info: portada.pdf , page1 used on input line 156.
(pdftex.def)             Requested size: 597.72964pt x 845.31337pt.
File: portada.pdf Graphic file (type pdf)
<use portada.pdf, page 1>
Package pdftex.def Info: portada.pdf , page1 used on input line 156.
(pdftex.def)             Requested size: 597.72964pt x 845.31337pt.
File: portada.pdf Graphic file (type pdf)
<use portada.pdf, page 1>
Package pdftex.def Info: portada.pdf , page1 used on input line 156.
(pdftex.def)             Requested size: 597.72964pt x 845.31337pt.
[1



 <./portada.pdf>] [2

]
<adicional/cc.xlarge.png, id=273, 1027.84pt x 1027.84pt>
File: adicional/cc.xlarge.png Graphic file (type png)
<use adicional/cc.xlarge.png>
Package pdftex.def Info: adicional/cc.xlarge.png  used on input line 169.
(pdftex.def)             Requested size: 136.57462pt x 136.57239pt.
 [3{C:/Users/deian/AppData/Local/MiKTeX/fonts/map/pdftex/pdftex.map}{C:/Users/d
eian/AppData/Local/Programs/MiKTeX/fonts/enc/dvips/lm/lm-ec.enc} <./adicional/c
c.xlarge.png>] [4]
Underfull \hbox (badness 10000) in paragraph at lines 189--191

 []


Underfull \hbox (badness 10000) in paragraph at lines 192--194

 []


Underfull \hbox (badness 10000) in paragraph at lines 195--197

 []

[5

] [6

] (main.toc
LaTeX Info: Redefining \. on input line 1.
LaTeX Info: Redefining \% on input line 1.
LaTeX Font Info:    Trying to load font information for OT1+lmr on input line 2
.

(C:\Users\deian\AppData\Local\Programs\MiKTeX\tex/latex/lm\ot1lmr.fd
File: ot1lmr.fd 2015/05/01 v1.6.1 Font defs for Latin Modern
)
LaTeX Font Info:    Trying to load font information for OML+lmm on input line 2
.

(C:\Users\deian\AppData\Local\Programs\MiKTeX\tex/latex/lm\omllmm.fd
File: omllmm.fd 2015/05/01 v1.6.1 Font defs for Latin Modern
)
LaTeX Font Info:    Trying to load font information for OMS+lmsy on input line 
2.

(C:\Users\deian\AppData\Local\Programs\MiKTeX\tex/latex/lm\omslmsy.fd
File: omslmsy.fd 2015/05/01 v1.6.1 Font defs for Latin Modern
)
LaTeX Font Info:    Trying to load font information for OMX+lmex on input line 
2.

(C:\Users\deian\AppData\Local\Programs\MiKTeX\tex/latex/lm\omxlmex.fd
File: omxlmex.fd 2015/05/01 v1.6.1 Font defs for Latin Modern
)
LaTeX Font Info:    External font `lmex10' loaded for size
(Font)              <10.95> on input line 2.
LaTeX Font Info:    External font `lmex10' loaded for size
(Font)              <8> on input line 2.
LaTeX Font Info:    External font `lmex10' loaded for size
(Font)              <6> on input line 2.
LaTeX Font Info:    Trying to load font information for T1+pcr on input line 53
.

(C:\Users\deian\AppData\Local\Programs\MiKTeX\tex/latex/psnfss\t1pcr.fd
File: t1pcr.fd 2001/06/04 font definitions for T1/pcr.
)
[7{C:/Users/deian/AppData/Local/Programs/MiKTeX/fonts/enc/dvips/base/8r.enc}])
\tf@toc=\write5
\openout5 = `main.toc'.

LaTeX Info: Redefining \. on input line 210.
LaTeX Info: Redefining \% on input line 210.

[8] (main.lof
LaTeX Info: Redefining \. on input line 1.
LaTeX Info: Redefining \% on input line 1.
 [9])
\tf@lof=\write6
\openout6 = `main.lof'.

LaTeX Info: Redefining \. on input line 214.
LaTeX Info: Redefining \% on input line 214.
 [10] (main.lot
LaTeX Info: Redefining \. on input line 1.
LaTeX Info: Redefining \% on input line 1.
)
\tf@lot=\write7
\openout7 = `main.lot'.

 [11] [12] (main.lol)
\tf@lol=\write8
\openout8 = `main.lol'.

 [13

] [14

]
LaTeX Info: Redefining \. on input line 268.
LaTeX Info: Redefining \% on input line 268.
 [15]
LaTeX Info: Redefining \. on input line 268.
LaTeX Info: Redefining \% on input line 268.
 [16

]
Underfull \hbox (badness 10000) in paragraph at lines 275--277

 []


Underfull \hbox (badness 10000) in paragraph at lines 278--279

 []


Underfull \hbox (badness 10000) in paragraph at lines 280--281

 []

[1

]

Package hyperref Warning: The anchor of a bookmark and its parent's must not
(hyperref)                be the same. Added a new anchor on input line 285.


Underfull \hbox (badness 10000) in paragraph at lines 287--288

 []


Underfull \hbox (badness 10000) in paragraph at lines 289--290

 []


Underfull \hbox (badness 10000) in paragraph at lines 291--292

 []

LaTeX Info: Redefining \. on input line 294.
LaTeX Info: Redefining \% on input line 294.
[2]
Underfull \hbox (badness 10000) in paragraph at lines 297--298

 []

LaTeX Info: Redefining \. on input line 309.
LaTeX Info: Redefining \% on input line 309.
[3]

Package hyperref Warning: The anchor of a bookmark and its parent's must not
(hyperref)                be the same. Added a new anchor on input line 318.


Underfull \hbox (badness 10000) in paragraph at lines 328--329

 []

LaTeX Info: Redefining \. on input line 331.
LaTeX Info: Redefining \% on input line 331.
[4]
Underfull \hbox (badness 10000) in paragraph at lines 334--335

 []

<cronologia/1.png, id=595, 722.7pt x 433.62pt>
File: cronologia/1.png Graphic file (type png)
<use cronologia/1.png>
Package pdftex.def Info: cronologia/1.png  used on input line 340.
(pdftex.def)             Requested size: 409.71692pt x 245.82944pt.
<cronologia/2.png, id=596, 867.24pt x 578.16pt>
File: cronologia/2.png Graphic file (type png)
<use cronologia/2.png>
Package pdftex.def Info: cronologia/2.png  used on input line 346.
(pdftex.def)             Requested size: 409.71692pt x 273.14676pt.
LaTeX Info: Redefining \. on input line 349.
LaTeX Info: Redefining \% on input line 349.
[5 <./cronologia/1.png>]
Underfull \hbox (badness 10000) in paragraph at lines 356--357

 []


Underfull \hbox (badness 10000) in paragraph at lines 358--359

 []


Underfull \hbox (badness 10000) in paragraph at lines 360--361

 []

LaTeX Info: Redefining \. on input line 362.
LaTeX Info: Redefining \% on input line 362.
[6 <./cronologia/2.png>]
Underfull \hbox (badness 10000) in paragraph at lines 362--363

 []


Underfull \hbox (badness 10000) in paragraph at lines 364--365

 []


Underfull \hbox (badness 10000) in paragraph at lines 366--367

 []


Underfull \hbox (badness 10000) in paragraph at lines 368--369

 []


Underfull \hbox (badness 10000) in paragraph at lines 370--371

 []

LaTeX Info: Redefining \. on input line 377.
LaTeX Info: Redefining \% on input line 377.
[7] [8

]
Cap\'{\i }tulo 1.

Underfull \hbox (badness 10000) in paragraph at lines 385--386

 []


Underfull \hbox (badness 10000) in paragraph at lines 387--388

 []


Underfull \hbox (badness 10000) in paragraph at lines 389--390

 []


Underfull \hbox (badness 10000) in paragraph at lines 391--392

 []

[9

]
Underfull \hbox (badness 10000) in paragraph at lines 396--397

 []


Underfull \hbox (badness 10000) in paragraph at lines 398--399

 []


Underfull \hbox (badness 10000) in paragraph at lines 400--401

 []


Underfull \hbox (badness 10000) in paragraph at lines 402--403

 []

LaTeX Info: Redefining \. on input line 403.
LaTeX Info: Redefining \% on input line 403.
[10]
Underfull \hbox (badness 10000) in paragraph at lines 404--405

 []


Underfull \hbox (badness 10000) in paragraph at lines 411--412

 []


Underfull \hbox (badness 10000) in paragraph at lines 413--414

 []

LaTeX Info: Redefining \. on input line 414.
LaTeX Info: Redefining \% on input line 414.
[11]
Underfull \hbox (badness 10000) in paragraph at lines 415--416

 []


Underfull \hbox (badness 10000) in paragraph at lines 417--418

 []

LaTeX Info: Redefining \. on input line 418.
LaTeX Info: Redefining \% on input line 418.
[12]
Underfull \hbox (badness 10000) in paragraph at lines 420--421

 []


Underfull \hbox (badness 10000) in paragraph at lines 422--423

 []

LaTeX Info: Redefining \. on input line 423.
LaTeX Info: Redefining \% on input line 423.
[13]
LaTeX Info: Redefining \. on input line 425.
LaTeX Info: Redefining \% on input line 425.
 [14]
Underfull \hbox (badness 10000) in paragraph at lines 427--428

 []


Underfull \hbox (badness 10000) in paragraph at lines 430--431

 []


Underfull \hbox (badness 10000) in paragraph at lines 432--433

 []

LaTeX Info: Redefining \. on input line 433.
LaTeX Info: Redefining \% on input line 433.
[15]
<documento/1.png, id=675, 832.61063pt x 565.36218pt>
File: documento/1.png Graphic file (type png)
<use documento/1.png>
Package pdftex.def Info: documento/1.png  used on input line 438.
(pdftex.def)             Requested size: 409.71692pt x 278.21175pt.

Underfull \hbox (badness 10000) in paragraph at lines 444--445

 []


Underfull \hbox (badness 10000) in paragraph at lines 446--448

 []

LaTeX Info: Redefining \. on input line 448.
LaTeX Info: Redefining \% on input line 448.
[16 <./documento/1.png>]
<documento/2.png, id=684, 659.46375pt x 506.6428pt>
File: documento/2.png Graphic file (type png)
<use documento/2.png>
Package pdftex.def Info: documento/2.png  used on input line 453.
(pdftex.def)             Requested size: 386.96027pt x 297.29321pt.

Underfull \hbox (badness 10000) in paragraph at lines 459--460

 []

LaTeX Info: Redefining \. on input line 460.
LaTeX Info: Redefining \% on input line 460.
[17 <./documento/2.png>]
Underfull \hbox (badness 10000) in paragraph at lines 461--462

 []


Underfull \hbox (badness 10000) in paragraph at lines 463--464

 []

<documento/3.png, id=692, 1360.33218pt x 682.80093pt>
File: documento/3.png Graphic file (type png)
<use documento/3.png>
Package pdftex.def Info: documento/3.png  used on input line 467.
(pdftex.def)             Requested size: 409.71692pt x 205.64409pt.
LaTeX Info: Redefining \. on input line 474.
LaTeX Info: Redefining \% on input line 474.
[18 <./documento/3.png>]
LaTeX Info: Redefining \. on input line 501.
LaTeX Info: Redefining \% on input line 501.
 [19] [20

]
Cap\'{\i }tulo 2.

Underfull \hbox (badness 10000) in paragraph at lines 508--509

 []


Underfull \hbox (badness 10000) in paragraph at lines 510--511

 []


Underfull \hbox (badness 10000) in paragraph at lines 512--513

 []


Underfull \hbox (badness 10000) in paragraph at lines 514--515

 []

[21

]
Underfull \hbox (badness 10000) in paragraph at lines 516--517

 []

<documento/5.png, id=719, 817.0525pt x 492.84125pt>
File: documento/5.png Graphic file (type png)
<use documento/5.png>
Package pdftex.def Info: documento/5.png  used on input line 520.
(pdftex.def)             Requested size: 364.19667pt x 219.6859pt.

Underfull \hbox (badness 10000) in paragraph at lines 525--526

 []


Underfull \hbox (badness 10000) in paragraph at lines 528--529

 []

LaTeX Info: Redefining \. on input line 532.
LaTeX Info: Redefining \% on input line 532.
[22 <./documento/5.png>]
LaTeX Info: Redefining \. on input line 548.
LaTeX Info: Redefining \% on input line 548.
 [23]
Underfull \hbox (badness 10000) in paragraph at lines 554--555

 []


Underfull \hbox (badness 10000) in paragraph at lines 557--558

 []


Underfull \hbox (badness 10000) in paragraph at lines 560--561

 []

LaTeX Info: Redefining \. on input line 562.
LaTeX Info: Redefining \% on input line 562.
[24]
Underfull \hbox (badness 10000) in paragraph at lines 562--563

 []


Underfull \hbox (badness 10000) in paragraph at lines 564--565

 []


Underfull \hbox (badness 10000) in paragraph at lines 566--567

 []

<documento/4.png, id=739, 676.5275pt x 601.24625pt>
File: documento/4.png Graphic file (type png)
<use documento/4.png>
Package pdftex.def Info: documento/4.png  used on input line 570.
(pdftex.def)             Requested size: 364.19667pt x 323.6773pt.

Underfull \hbox (badness 10000) in paragraph at lines 575--576

 []


Underfull \hbox (badness 10000) in paragraph at lines 577--578

 []

LaTeX Info: Redefining \. on input line 578.
LaTeX Info: Redefining \% on input line 578.
[25]
Underfull \hbox (badness 10000) in paragraph at lines 580--581

 []


Underfull \hbox (badness 10000) in paragraph at lines 582--583

 []

LaTeX Info: Redefining \. on input line 583.
LaTeX Info: Redefining \% on input line 583.
[26 <./documento/4.png>]
Underfull \hbox (badness 10000) in paragraph at lines 584--585

 []


Underfull \hbox (badness 10000) in paragraph at lines 586--587

 []


Underfull \hbox (badness 10000) in paragraph at lines 588--589

 []


Underfull \hbox (badness 10000) in paragraph at lines 590--592

 []


Underfull \hbox (badness 10000) in paragraph at lines 593--596

 []

LaTeX Info: Redefining \. on input line 596.
LaTeX Info: Redefining \% on input line 596.
[27]
Underfull \hbox (badness 10000) in paragraph at lines 597--598

 []


Underfull \hbox (badness 10000) in paragraph at lines 599--600

 []


Underfull \hbox (badness 10000) in paragraph at lines 601--602

 []


Underfull \hbox (badness 10000) in paragraph at lines 603--604

 []

LaTeX Info: Redefining \. on input line 604.
LaTeX Info: Redefining \% on input line 604.
[28]
Underfull \hbox (badness 10000) in paragraph at lines 606--607

 []


Underfull \hbox (badness 10000) in paragraph at lines 608--609

 []


Underfull \hbox (badness 10000) in paragraph at lines 610--611

 []

LaTeX Info: Redefining \. on input line 619.
LaTeX Info: Redefining \% on input line 619.
[29]
Underfull \hbox (badness 10000) in paragraph at lines 630--631

 []


Underfull \hbox (badness 10000) in paragraph at lines 632--633

 []

LaTeX Info: Redefining \. on input line 633.
LaTeX Info: Redefining \% on input line 633.
[30]
Underfull \hbox (badness 10000) in paragraph at lines 636--637

 []


Underfull \hbox (badness 10000) in paragraph at lines 638--639

 []

LaTeX Info: Redefining \. on input line 642.
LaTeX Info: Redefining \% on input line 642.
[31]
<documento/6.png, id=777, 742.775pt x 689.57625pt>
File: documento/6.png Graphic file (type png)
<use documento/6.png>
Package pdftex.def Info: documento/6.png  used on input line 645.
(pdftex.def)             Requested size: 364.19667pt x 338.11627pt.

Underfull \hbox (badness 10000) in paragraph at lines 656--657

 []


Underfull \hbox (badness 10000) in paragraph at lines 658--659

 []

LaTeX Info: Redefining \. on input line 659.
LaTeX Info: Redefining \% on input line 659.
[32 <./documento/6.png>]
LaTeX Info: Redefining \. on input line 670.
LaTeX Info: Redefining \% on input line 670.
 [33]
Underfull \hbox (badness 10000) in paragraph at lines 680--681

 []


Underfull \hbox (badness 10000) in paragraph at lines 682--683

 []

LaTeX Info: Redefining \. on input line 683.
LaTeX Info: Redefining \% on input line 683.
[34]
<documento/7.png, id=793, 201.75375pt x 249.93375pt>
File: documento/7.png Graphic file (type png)
<use documento/7.png>
Package pdftex.def Info: documento/7.png  used on input line 686.
(pdftex.def)             Requested size: 182.09486pt x 225.5828pt.

Underfull \hbox (badness 10000) in paragraph at lines 691--692

 []

<documento/8.png, id=794, 166.37157pt x 155.07938pt>
File: documento/8.png Graphic file (type png)
<use documento/8.png>
Package pdftex.def Info: documento/8.png  used on input line 695.
(pdftex.def)             Requested size: 182.09486pt x 169.7454pt.

Underfull \hbox (badness 10000) in paragraph at lines 700--701

 []

LaTeX Info: Redefining \. on input line 701.
LaTeX Info: Redefining \% on input line 701.
[35 <./documento/7.png> <./documento/8.png>]
<documento/9.png, id=801, 166.37157pt x 105.39375pt>
File: documento/9.png Graphic file (type png)
<use documento/9.png>
Package pdftex.def Info: documento/9.png  used on input line 704.
(pdftex.def)             Requested size: 182.09486pt x 115.36095pt.
<documento/10.png, id=802, 668.4975pt x 307.1475pt>
File: documento/10.png Graphic file (type png)
<use documento/10.png>
Package pdftex.def Info: documento/10.png  used on input line 713.
(pdftex.def)             Requested size: 364.19667pt x 167.33817pt.
LaTeX Info: Redefining \. on input line 718.
LaTeX Info: Redefining \% on input line 718.
 [36 <./documento/9.png> <./documento/10.png>]
Package hyperref Info: bookmark level for unknown lstlisting defaults to 0 on i
nput line 728.
LaTeX Font Info:    External font `lmex10' loaded for size
(Font)              <9> on input line 729.
LaTeX Font Info:    External font `lmex10' loaded for size
(Font)              <5> on input line 729.

Underfull \hbox (badness 10000) in paragraph at lines 737--738

 []


Underfull \hbox (badness 10000) in paragraph at lines 743--744

 []

LaTeX Info: Redefining \. on input line 744.
LaTeX Info: Redefining \% on input line 744.
[37{C:/Users/deian/AppData/Local/Programs/MiKTeX/fonts/enc/dvips/lm/lm-mathit.e
nc}{C:/Users/deian/AppData/Local/Programs/MiKTeX/fonts/enc/dvips/lm/lm-mathsy.e
nc}]
Overfull \hbox (9.06711pt too wide) in paragraph at lines 745--746
\T1/lmr/m/n/10.95 Python) que se lan-za jun-to con Snort. Di-cho pro-ce-so abre
 el ar-chi-vo de aler-tas (\T1/pcr/m/n/10.95 alert_json.txt\T1/lmr/m/n/10.95 )
 []


Underfull \hbox (badness 10000) in paragraph at lines 745--746

 []

(C:\Users\deian\AppData\Local\Programs\MiKTeX\tex/latex/listings\lstlang1.sty
File: lstlang1.sty 2023/02/27 1.9 listings language file
)
LaTeX Info: Redefining \. on input line 768.
LaTeX Info: Redefining \% on input line 768.

[38]
Underfull \hbox (badness 10000) in paragraph at lines 771--772

 []


Underfull \hbox (badness 10000) in paragraph at lines 773--774

 []


Underfull \hbox (badness 10000) in paragraph at lines 779--780

 []


Underfull \hbox (badness 10000) in paragraph at lines 781--782

 []

LaTeX Info: Redefining \. on input line 784.
LaTeX Info: Redefining \% on input line 784.
[39]
Overfull \hbox (49.83923pt too wide) in paragraph at lines 798--799
[]\T1/lmr/m/n/10.95 En el ejem-plo del Lis-ta-do []2.3[], \T1/pcr/m/n/10.95 log
rotate \T1/lmr/m/n/10.95 ro-ta-r cual-quier fi-che-ro que co-mien-ce con \T1/p
cr/m/n/10.95 alert_json.txt
 []


Underfull \hbox (badness 10000) in paragraph at lines 802--803

 []


Underfull \hbox (badness 10000) in paragraph at lines 804--805

 []

LaTeX Info: Redefining \. on input line 806.
LaTeX Info: Redefining \% on input line 806.
[40]
(C:\Users\deian\AppData\Local\Programs\MiKTeX\tex/latex/listings\lstlang1.sty
File: lstlang1.sty 2023/02/27 1.9 listings language file
)
<documento/grafana1.png, id=865, 1433.355pt x 677.53125pt>
File: documento/grafana1.png Graphic file (type png)
<use documento/grafana1.png>
Package pdftex.def Info: documento/grafana1.png  used on input line 820.
(pdftex.def)             Requested size: 432.48051pt x 204.42917pt.

Underfull \hbox (badness 10000) in paragraph at lines 825--826

 []

LaTeX Info: Redefining \. on input line 826.
LaTeX Info: Redefining \% on input line 826.
[41 <./documento/grafana1.png>]
Underfull \hbox (badness 10000) in paragraph at lines 827--828

 []

<documento/11.png, id=877, 687.56876pt x 445.665pt>
File: documento/11.png Graphic file (type png)
<use documento/11.png>
Package pdftex.def Info: documento/11.png  used on input line 833.
(pdftex.def)             Requested size: 432.48051pt x 280.32161pt.
LaTeX Info: Redefining \. on input line 838.
LaTeX Info: Redefining \% on input line 838.
[42 <./documento/11.png (PNG copy)>]
<documento/13.png, id=882, 545.03625pt x 858.20625pt>
File: documento/13.png Graphic file (type png)
<use documento/13.png>
Package pdftex.def Info: documento/13.png  used on input line 851.
(pdftex.def)             Requested size: 227.62206pt x 358.40132pt.
LaTeX Info: Redefining \. on input line 892.
LaTeX Info: Redefining \% on input line 892.
 [43 <./documento/13.png (PNG copy)>]
Underfull \hbox (badness 10000) in paragraph at lines 909--910

 []

LaTeX Info: Redefining \. on input line 910.
LaTeX Info: Redefining \% on input line 910.
[44]
Overfull \hbox (14.61913pt too wide) in paragraph at lines 914--915
\T1/lmr/m/n/10.95 ejem-plo, un \T1/pcr/m/n/10.95 AgentController \T1/lmr/m/n/10
.95 po-dra ges-tio-nar ru-tas co-mo \T1/pcr/m/n/10.95 /api/agents/{id}/alerts
 []

LaTeX Info: Redefining \. on input line 925.
LaTeX Info: Redefining \% on input line 925.
[45]
Underfull \hbox (badness 10000) in paragraph at lines 927--928

 []

(C:\Users\deian\AppData\Local\Programs\MiKTeX\tex/latex/listings\lstlang1.sty
File: lstlang1.sty 2023/02/27 1.9 listings language file
)
LaTeX Info: Redefining \. on input line 950.
LaTeX Info: Redefining \% on input line 950.

[46]
LaTeX Info: Redefining \. on input line 962.
LaTeX Info: Redefining \% on input line 962.
 [47]
<documento/overview.png, id=919, 1415.2875pt x 677.53125pt>
File: documento/overview.png Graphic file (type png)
<use documento/overview.png>
Package pdftex.def Info: documento/overview.png  used on input line 977.
(pdftex.def)             Requested size: 409.71692pt x 196.13786pt.
<documento/alertas.png, id=920, 1422.0628pt x 673.01437pt>
File: documento/alertas.png Graphic file (type png)
<use documento/alertas.png>
Package pdftex.def Info: documento/alertas.png  used on input line 986.
(pdftex.def)             Requested size: 409.71692pt x 193.90604pt.
LaTeX Info: Redefining \. on input line 990.
LaTeX Info: Redefining \% on input line 990.
 [48 <./documento/overview.png>]
<documento/reglas.png, id=926, 1427.3325pt x 673.76718pt>
File: documento/reglas.png Graphic file (type png)
<use documento/reglas.png>
Package pdftex.def Info: documento/reglas.png  used on input line 995.
(pdftex.def)             Requested size: 409.71692pt x 193.40327pt.
<documento/estado.png, id=927, 1409.265pt x 575.90157pt>
File: documento/estado.png Graphic file (type png)
<use documento/estado.png>
Package pdftex.def Info: documento/estado.png  used on input line 1004.
(pdftex.def)             Requested size: 409.71692pt x 167.42897pt.
LaTeX Info: Redefining \. on input line 1008.
LaTeX Info: Redefining \% on input line 1008.
 [49 <./documento/alertas.png> <./documento/reglas.png>]
<documento/estado_agente.png, id=934, 271.76532pt x 305.64188pt>
File: documento/estado_agente.png Graphic file (type png)
<use documento/estado_agente.png>
Package pdftex.def Info: documento/estado_agente.png  used on input line 1011.
(pdftex.def)             Requested size: 273.14923pt x 307.21278pt.

Underfull \hbox (badness 10000) in paragraph at lines 1021--1022

 []

LaTeX Info: Redefining \. on input line 1022.
LaTeX Info: Redefining \% on input line 1022.
[50 <./documento/estado.png> <./documento/estado_agente.png>]
Underfull \hbox (badness 10000) in paragraph at lines 1023--1024

 []


Underfull \hbox (badness 10000) in paragraph at lines 1025--1026

 []


Underfull \hbox (badness 10000) in paragraph at lines 1027--1028

 []

LaTeX Info: Redefining \. on input line 1032.
LaTeX Info: Redefining \% on input line 1032.
[51]
Overfull \hbox (28.82207pt too wide) in paragraph at lines 1049--1050
[]\T1/lmr/m/n/10.95 En el c-di-go an-te-rior, el guard (\T1/pcr/m/n/10.95 Auth
Guard\T1/lmr/m/n/10.95 ) con-sul-ta a un ser-vi-cio de au-ten-ti-ca-cin \T1/pc
r/m/n/10.95 AuthService
 []


Underfull \hbox (badness 10000) in paragraph at lines 1049--1050

 []


Underfull \hbox (badness 10000) in paragraph at lines 1051--1052

 []


Underfull \hbox (badness 10000) in paragraph at lines 1057--1058

 []


Underfull \hbox (badness 10000) in paragraph at lines 1063--1064

 []

LaTeX Info: Redefining \. on input line 1064.
LaTeX Info: Redefining \% on input line 1064.
[52]
Underfull \hbox (badness 10000) in paragraph at lines 1065--1066

 []

LaTeX Info: Redefining \. on input line 1104.
LaTeX Info: Redefining \% on input line 1104.
[53]
LaTeX Info: Redefining \. on input line 1135.
LaTeX Info: Redefining \% on input line 1135.
 [54]
LaTeX Info: Redefining \. on input line 1167.
LaTeX Info: Redefining \% on input line 1167.
 [55]
<documento/14.png, id=991, 1620.0525pt x 59.22125pt>
File: documento/14.png Graphic file (type png)
<use documento/14.png>
Package pdftex.def Info: documento/14.png  used on input line 1185.
(pdftex.def)             Requested size: 455.24411pt x 16.64146pt.
LaTeX Info: Redefining \. on input line 1214.
LaTeX Info: Redefining \% on input line 1214.
 [56 <./documento/14.png (PNG copy)>]
<documento/15.png, id=1005, 1617.04124pt x 59.22125pt>
File: documento/15.png Graphic file (type png)
<use documento/15.png>
Package pdftex.def Info: documento/15.png  used on input line 1242.
(pdftex.def)             Requested size: 455.24411pt x 16.6722pt.
LaTeX Info: Redefining \. on input line 1250.
LaTeX Info: Redefining \% on input line 1250.
 [57 <./documento/15.png (PNG copy)>]
LaTeX Info: Redefining \. on input line 1250.
LaTeX Info: Redefining \% on input line 1250.
 [58] [59

]
Cap\'{\i }tulo 3.
<documento/esquema_red.png, id=1026, 507.8975pt x 695.59875pt>
File: documento/esquema_red.png Graphic file (type png)
<use documento/esquema_red.png>
Package pdftex.def Info: documento/esquema_red.png  used on input line 1264.
(pdftex.def)             Requested size: 295.90588pt x 405.27316pt.
[60

 <./documento/esquema_red.png>]
Underfull \hbox (badness 10000) in paragraph at lines 1271--1272

 []


Underfull \hbox (badness 10000) in paragraph at lines 1273--1274

 []

LaTeX Font Info:    Trying to load font information for TS1+lmr on input line 1
280.
(C:\Users\deian\AppData\Local\Programs\MiKTeX\tex/latex/lm\ts1lmr.fd
File: ts1lmr.fd 2015/05/01 v1.6.1 Font defs for Latin Modern
)
LaTeX Info: Redefining \. on input line 1303.
LaTeX Info: Redefining \% on input line 1303.
 [61{C:/Users/deian/AppData/Local/Programs/MiKTeX/fonts/enc/dvips/lm/lm-ts1.enc
}]
Underfull \hbox (badness 10000) in paragraph at lines 1306--1307

 []


Underfull \hbox (badness 10000) in paragraph at lines 1308--1309

 []


Underfull \hbox (badness 10000) in paragraph at lines 1320--1321

 []


Underfull \hbox (badness 10000) in paragraph at lines 1322--1323

 []

LaTeX Info: Redefining \. on input line 1327.
LaTeX Info: Redefining \% on input line 1327.
[62]
Underfull \hbox (badness 10000) in paragraph at lines 1360--1361

 []


Underfull \hbox (badness 10000) in paragraph at lines 1362--1363

 []

<install/1.png, id=1042, 507.39563pt x 353.82187pt>
File: install/1.png Graphic file (type png)
<use install/1.png>
Package pdftex.def Info: install/1.png  used on input line 1368.
(pdftex.def)             Requested size: 364.19667pt x 253.9741pt.
LaTeX Info: Redefining \. on input line 1372.
LaTeX Info: Redefining \% on input line 1372.
[63]
Underfull \hbox (badness 10000) in paragraph at lines 1375--1376

 []


Underfull \hbox (badness 10000) in paragraph at lines 1377--1378

 []

<install/0.1.png, id=1049, 963.6pt x 362.85562pt>
File: install/0.1.png Graphic file (type png)
<use install/0.1.png>
Package pdftex.def Info: install/0.1.png  used on input line 1383.
(pdftex.def)             Requested size: 364.19667pt x 137.1391pt.
LaTeX Info: Redefining \. on input line 1387.
LaTeX Info: Redefining \% on input line 1387.
[64 <./install/1.png>]
Underfull \hbox (badness 10000) in paragraph at lines 1391--1392

 []


Underfull \hbox (badness 10000) in paragraph at lines 1393--1394

 []

<install/0.2.png, id=1055, 963.6pt x 788.9475pt>
File: install/0.2.png Graphic file (type png)
<use install/0.2.png>
Package pdftex.def Info: install/0.2.png  used on input line 1399.
(pdftex.def)             Requested size: 273.14923pt x 223.63649pt.
<install/9-asignacion_port.png, id=1056, 751.30687pt x 367.3725pt>
File: install/9-asignacion_port.png Graphic file (type png)
<use install/9-asignacion_port.png>
Package pdftex.def Info: install/9-asignacion_port.png  used on input line 1406
.
(pdftex.def)             Requested size: 318.66948pt x 155.82573pt.
LaTeX Info: Redefining \. on input line 1410.
LaTeX Info: Redefining \% on input line 1410.
[65 <./install/0.1.png (PNG copy)> <./install/0.2.png (PNG copy)>]
Underfull \hbox (badness 10000) in paragraph at lines 1414--1415

 []


Underfull \hbox (badness 10000) in paragraph at lines 1416--1417

 []

<install/0.3.png, id=1061, 963.6pt x 679.78969pt>
File: install/0.3.png Graphic file (type png)
<use install/0.3.png>
Package pdftex.def Info: install/0.3.png  used on input line 1422.
(pdftex.def)             Requested size: 318.66948pt x 224.80843pt.

Underfull \hbox (badness 10000) in paragraph at lines 1430--1431

 []

LaTeX Info: Redefining \. on input line 1431.
LaTeX Info: Redefining \% on input line 1431.
[66 <./install/9-asignacion_port.png> <./install/0.3.png (PNG copy)>]
Underfull \hbox (badness 10000) in paragraph at lines 1432--1433

 []

<install/0.4.png, id=1067, 873.2625pt x 963.6pt>
File: install/0.4.png Graphic file (type png)
<use install/0.4.png>
Package pdftex.def Info: install/0.4.png  used on input line 1438.
(pdftex.def)             Requested size: 227.62206pt x 251.16234pt.

Underfull \hbox (badness 10000) in paragraph at lines 1446--1447

 []


Underfull \hbox (badness 10000) in paragraph at lines 1448--1449

 []

LaTeX Info: Redefining \. on input line 1452.
LaTeX Info: Redefining \% on input line 1452.
[67 <./install/0.4.png (PNG copy)>]
<install/2.png, id=1072, 511.15968pt x 338.01282pt>
File: install/2.png Graphic file (type png)
<use install/2.png>
Package pdftex.def Info: install/2.png  used on input line 1462.
(pdftex.def)             Requested size: 318.66948pt x 210.72624pt.
<install/3.png, id=1073, 610.53094pt x 451.6875pt>
File: install/3.png Graphic file (type png)
<use install/3.png>
Package pdftex.def Info: install/3.png  used on input line 1471.
(pdftex.def)             Requested size: 318.66948pt x 235.76793pt.

Underfull \hbox (badness 10000) in paragraph at lines 1479--1480

 []

LaTeX Info: Redefining \. on input line 1480.
LaTeX Info: Redefining \% on input line 1480.
[68 <./install/2.png> <./install/3.png>]
Underfull \hbox (badness 10000) in paragraph at lines 1491--1492

 []

<install/4.png, id=1083, 421.575pt x 338.76563pt>
File: install/4.png Graphic file (type png)
<use install/4.png>
Package pdftex.def Info: install/4.png  used on input line 1503.
(pdftex.def)             Requested size: 273.14923pt x 219.49721pt.
LaTeX Info: Redefining \. on input line 1509.
LaTeX Info: Redefining \% on input line 1509.
[69 <./install/4.png>]
<install/5.png, id=1093, 910.90312pt x 577.40718pt>
File: install/5.png Graphic file (type png)
<use install/5.png>
Package pdftex.def Info: install/5.png  used on input line 1512.
(pdftex.def)             Requested size: 318.66948pt x 201.99863pt.
<install/6.png, id=1094, 824.32968pt x 449.42906pt>
File: install/6.png Graphic file (type png)
<use install/6.png>
Package pdftex.def Info: install/6.png  used on input line 1530.
(pdftex.def)             Requested size: 364.19667pt x 198.56546pt.
LaTeX Info: Redefining \. on input line 1535.
LaTeX Info: Redefining \% on input line 1535.
 [70 <./install/5.png> <./install/6.png>]
Underfull \hbox (badness 10000) in paragraph at lines 1537--1538

 []

<install/7.png, id=1104, 909.3975pt x 608.2725pt>
File: install/7.png Graphic file (type png)
<use install/7.png>
Package pdftex.def Info: install/7.png  used on input line 1543.
(pdftex.def)             Requested size: 409.71692pt x 274.05423pt.
LaTeX Info: Redefining \. on input line 1548.
LaTeX Info: Redefining \% on input line 1548.
[71 <./install/7.png>]
Overfull \hbox (4.82545pt too wide) in paragraph at lines 1555--1556
\T1/lmr/m/n/10.95 men-te in-tro-du-cien-do en el na-ve-ga-dor la di-rec-cin \T
1/pcr/m/n/10.95 http://<IP-del-mdulo-central>:8080
 []

<configuracion/1.png, id=1110, 1438.6247pt x 721.19438pt>
File: configuracion/1.png Graphic file (type png)
<use configuracion/1.png>
Package pdftex.def Info: configuracion/1.png  used on input line 1559.
(pdftex.def)             Requested size: 364.19667pt x 182.57608pt.
<configuracion/2.png, id=1111, 1436.36626pt x 738.50906pt>
File: configuracion/2.png Graphic file (type png)
<use configuracion/2.png>
Package pdftex.def Info: configuracion/2.png  used on input line 1568.
(pdftex.def)             Requested size: 364.19667pt x 187.25243pt.
LaTeX Info: Redefining \. on input line 1573.
LaTeX Info: Redefining \% on input line 1573.
[72 <./configuracion/1.png> <./configuracion/2.png>]
<configuracion/3.png, id=1118, 1420.55719pt x 670.00313pt>
File: configuracion/3.png Graphic file (type png)
<use configuracion/3.png>
Package pdftex.def Info: configuracion/3.png  used on input line 1579.
(pdftex.def)             Requested size: 409.71692pt x 193.24292pt.
<configuracion/4.png, id=1119, 1426.57968pt x 682.04813pt>
File: configuracion/4.png Graphic file (type png)
<use configuracion/4.png>
Package pdftex.def Info: configuracion/4.png  used on input line 1588.
(pdftex.def)             Requested size: 409.71692pt x 195.88437pt.
LaTeX Info: Redefining \. on input line 1593.
LaTeX Info: Redefining \% on input line 1593.
 [73 <./configuracion/3.png> <./configuracion/4.png>]
<configuracion/5.png, id=1126, 1428.83812pt x 642.14906pt>
File: configuracion/5.png Graphic file (type png)
<use configuracion/5.png>
Package pdftex.def Info: configuracion/5.png  used on input line 1599.
(pdftex.def)             Requested size: 409.71692pt x 184.1314pt.
<configuracion/6.png, id=1127, 1405.50093pt x 558.58687pt>
File: configuracion/6.png Graphic file (type png)
<use configuracion/6.png>
Package pdftex.def Info: configuracion/6.png  used on input line 1608.
(pdftex.def)             Requested size: 409.71692pt x 162.82985pt.
LaTeX Info: Redefining \. on input line 1613.
LaTeX Info: Redefining \% on input line 1613.
 [74 <./configuracion/5.png> <./configuracion/6.png>]
<configuracion/7.png, id=1134, 570.63188pt x 87.32625pt>
File: configuracion/7.png Graphic file (type png)
<use configuracion/7.png>
Package pdftex.def Info: configuracion/7.png  used on input line 1619.
(pdftex.def)             Requested size: 409.71692pt x 62.70029pt.
<configuracion/8.png, id=1135, 1437.11906pt x 740.0147pt>
File: configuracion/8.png Graphic file (type png)
<use configuracion/8.png>
Package pdftex.def Info: configuracion/8.png  used on input line 1628.
(pdftex.def)             Requested size: 318.66948pt x 164.09099pt.
<configuracion/9.png, id=1136, 1431.09656pt x 733.99219pt>
File: configuracion/9.png Graphic file (type png)
<use configuracion/9.png>
Package pdftex.def Info: configuracion/9.png  used on input line 1637.
(pdftex.def)             Requested size: 318.66948pt x 163.43874pt.
LaTeX Info: Redefining \. on input line 1642.
LaTeX Info: Redefining \% on input line 1642.
[75 <./configuracion/7.png> <./configuracion/8.png> <./configuracion/9.png>]
<configuracion/10.png, id=1145, 1403.99532pt x 611.28375pt>
File: configuracion/10.png Graphic file (type png)
<use configuracion/10.png>
Package pdftex.def Info: configuracion/10.png  used on input line 1648.
(pdftex.def)             Requested size: 409.71692pt x 178.38704pt.
LaTeX Info: Redefining \. on input line 1669.
LaTeX Info: Redefining \% on input line 1669.

[76 <./configuracion/10.png>]
<benchmark/1.png, id=1154, 1204.5pt x 577.40718pt>
File: benchmark/1.png Graphic file (type png)
<use benchmark/1.png>
Package pdftex.def Info: benchmark/1.png  used on input line 1673.
(pdftex.def)             Requested size: 432.48051pt x 207.32018pt.
<benchmark/2.png, id=1155, 1194.71344pt x 572.89032pt>
File: benchmark/2.png Graphic file (type png)
<use benchmark/2.png>
Package pdftex.def Info: benchmark/2.png  used on input line 1680.
(pdftex.def)             Requested size: 432.48051pt x 207.3855pt.
LaTeX Info: Redefining \. on input line 1690.
LaTeX Info: Redefining \% on input line 1690.
 [77 <./benchmark/1.png> <./benchmark/2.png>]
<benchmark/3.png, id=1165, 1194.71344pt x 245.41687pt>
File: benchmark/3.png Graphic file (type png)
<use benchmark/3.png>
Package pdftex.def Info: benchmark/3.png  used on input line 1717.
(pdftex.def)             Requested size: 455.24411pt x 93.514pt.
LaTeX Info: Redefining \. on input line 1721.
LaTeX Info: Redefining \% on input line 1721.

[78]
<benchmark/5.png, id=1170, 1193.96063pt x 569.87906pt>
File: benchmark/5.png Graphic file (type png)
<use benchmark/5.png>
Package pdftex.def Info: benchmark/5.png  used on input line 1724.
(pdftex.def)             Requested size: 455.24411pt x 217.28671pt.
<benchmark/4.png, id=1171, 1196.21906pt x 584.1825pt>
File: benchmark/4.png Graphic file (type png)
<use benchmark/4.png>
Package pdftex.def Info: benchmark/4.png  used on input line 1731.
(pdftex.def)             Requested size: 455.24411pt x 222.32146pt.

Underfull \hbox (badness 10000) in paragraph at lines 1736--1737

 []

LaTeX Info: Redefining \. on input line 1737.
LaTeX Info: Redefining \% on input line 1737.
[79 <./benchmark/3.png> <./benchmark/5.png> <./benchmark/4.png>]
Underfull \hbox (badness 10000) in paragraph at lines 1738--1739

 []

LaTeX Info: Redefining \. on input line 1775.
LaTeX Info: Redefining \% on input line 1775.
[80]
Underfull \hbox (badness 10000) in paragraph at lines 1779--1780

 []


Underfull \hbox (badness 10000) in paragraph at lines 1783--1784

 []


Underfull \hbox (badness 10000) in paragraph at lines 1785--1786

 []


Underfull \hbox (badness 10000) in paragraph at lines 1787--1789

 []

<pruebas/1.png, id=1211, 1431.09656pt x 674.52pt>
File: pruebas/1.png Graphic file (type png)
<use pruebas/1.png>
Package pdftex.def Info: pruebas/1.png  used on input line 1803.
(pdftex.def)             Requested size: 364.19667pt x 171.65553pt.
LaTeX Info: Redefining \. on input line 1807.
LaTeX Info: Redefining \% on input line 1807.
[81]
<pruebas/2.png, id=1217, 1429.59094pt x 671.50874pt>
File: pruebas/2.png Graphic file (type png)
<use pruebas/2.png>
Package pdftex.def Info: pruebas/2.png  used on input line 1810.
(pdftex.def)             Requested size: 364.19667pt x 171.07364pt.
<pruebas/3.png, id=1218, 471.26062pt x 631.60968pt>
File: pruebas/3.png Graphic file (type png)
<use pruebas/3.png>
Package pdftex.def Info: pruebas/3.png  used on input line 1826.
(pdftex.def)             Requested size: 227.62206pt x 305.07744pt.
LaTeX Info: Redefining \. on input line 1830.
LaTeX Info: Redefining \% on input line 1830.
 [82 <./pruebas/1.png> <./pruebas/2.png>]
<pruebas/4.png, id=1225, 1325.70282pt x 261.97874pt>
File: pruebas/4.png Graphic file (type png)
<use pruebas/4.png>
Package pdftex.def Info: pruebas/4.png  used on input line 1837.
(pdftex.def)             Requested size: 364.19667pt x 71.97041pt.
<pruebas/5.png, id=1226, 1430.34375pt x 670.75594pt>
File: pruebas/5.png Graphic file (type png)
<use pruebas/5.png>
Package pdftex.def Info: pruebas/5.png  used on input line 1848.
(pdftex.def)             Requested size: 364.19667pt x 170.78973pt.
LaTeX Info: Redefining \. on input line 1852.
LaTeX Info: Redefining \% on input line 1852.
 [83 <./pruebas/3.png> <./pruebas/4.png>]
<pruebas/6.png, id=1233, 1351.29843pt x 676.77844pt>
File: pruebas/6.png Graphic file (type png)
<use pruebas/6.png>
Package pdftex.def Info: pruebas/6.png  used on input line 1857.
(pdftex.def)             Requested size: 364.19667pt x 182.40216pt.
<pruebas/7.png, id=1234, 334.24875pt x 139.27031pt>
File: pruebas/7.png Graphic file (type png)
<use pruebas/7.png>
Package pdftex.def Info: pruebas/7.png  used on input line 1868.
(pdftex.def)             Requested size: 227.62206pt x 94.84492pt.
LaTeX Info: Redefining \. on input line 1876.
LaTeX Info: Redefining \% on input line 1876.
 [84 <./pruebas/5.png> <./pruebas/6.png> <./pruebas/7.png>]
<pruebas/8.png, id=1242, 1405.50093pt x 665.48625pt>
File: pruebas/8.png Graphic file (type png)
<use pruebas/8.png>
Package pdftex.def Info: pruebas/8.png  used on input line 1879.
(pdftex.def)             Requested size: 364.19667pt x 172.44353pt.
<pruebas/9.png, id=1243, 544.28343pt x 321.45094pt>
File: pruebas/9.png Graphic file (type png)
<use pruebas/9.png>
Package pdftex.def Info: pruebas/9.png  used on input line 1890.
(pdftex.def)             Requested size: 364.19667pt x 215.09142pt.

Underfull \hbox (badness 10000) in paragraph at lines 1899--1900

 []

LaTeX Info: Redefining \. on input line 1900.
LaTeX Info: Redefining \% on input line 1900.
[85 <./pruebas/8.png> <./pruebas/9.png>]
Underfull \hbox (badness 10000) in paragraph at lines 1901--1902

 []


Underfull \hbox (badness 10000) in paragraph at lines 1903--1904

 []

LaTeX Info: Redefining \. on input line 1912.
LaTeX Info: Redefining \% on input line 1912.
[86] [87

]
Cap\'{\i }tulo 4.

Underfull \hbox (badness 10000) in paragraph at lines 1924--1925

 []


Underfull \hbox (badness 10000) in paragraph at lines 1930--1931

 []

[88

]
Underfull \hbox (badness 10000) in paragraph at lines 1936--1937

 []


Underfull \hbox (badness 10000) in paragraph at lines 1953--1954

 []

LaTeX Info: Redefining \. on input line 1955.
LaTeX Info: Redefining \% on input line 1955.
[89]
Underfull \hbox (badness 10000) in paragraph at lines 1955--1956

 []

LaTeX Info: Redefining \. on input line 1961.
LaTeX Info: Redefining \% on input line 1961.
[90] [91

]
Underfull \hbox (badness 10000) in paragraph at lines 1969--1970

 []


Underfull \hbox (badness 10000) in paragraph at lines 1971--1972

 []


Underfull \hbox (badness 10000) in paragraph at lines 1982--1983

 []


Underfull \hbox (badness 10000) in paragraph at lines 1984--1985

 []

[92

]
LaTeX Info: Redefining \. on input line 1989.
LaTeX Info: Redefining \% on input line 1989.
 [93] [94

]
Underfull \hbox (badness 10000) in paragraph at lines 1996--1997

 []


Underfull \hbox (badness 10000) in paragraph at lines 1998--1999

 []


Underfull \hbox (badness 10000) in paragraph at lines 2000--2001

 []


Underfull \hbox (badness 10000) in paragraph at lines 2002--2003

 []


Underfull \hbox (badness 10000) in paragraph at lines 2004--2005

 []


Underfull \hbox (badness 10000) in paragraph at lines 2006--2007

 []

[95

]
LaTeX Info: Redefining \. on input line 2011.
LaTeX Info: Redefining \% on input line 2011.
 [96

]
Underfull \hbox (badness 5592) in paragraph at lines 2018--2019
[]\T1/lmr/m/n/10.95 ENISA. \T1/lmr/m/it/10.95 Cy-ber-se-cu-rity for SMEs\T1/lmr
/m/n/10.95 . Agen-cia de la Unin Eu-ro-pea pa-ra la Ci-
 []


Underfull \hbox (badness 10000) in paragraph at lines 2018--2019
\T1/lmr/m/n/10.95 ber-se-gu-ri-dad. Dis-po-ni-ble en: []$\T1/pcr/m/n/10.95 http
s : / / www . enisa . europa . eu / topics /
 []


Underfull \hbox (badness 10000) in paragraph at lines 2018--2019
\T1/pcr/m/n/10.95 awareness-[]and-[]cyber-[]hygiene / smes-[]cybersecurity# : ~
 : text = Small %
 []


Underfull \hbox (badness 10000) in paragraph at lines 2018--2019
\T1/pcr/m/n/10.95 20and % 20medium ,[] the % 20European % 20Commission % 20SMEs
 % 20report$[]\T1/lmr/m/n/10.95 . l-ti-mo
 []


Underfull \hbox (badness 10000) in paragraph at lines 2021--2022
[]\T1/lmr/m/n/10.95 20Minutos. \T1/lmr/m/it/10.95 Goo-gle avi-sa que Es-pa-a t
ie-ne un pro-ble-ma gor-do: el
 []


Underfull \hbox (badness 10000) in paragraph at lines 2021--2022
\T1/lmr/m/it/10.95 43$ $% de los ci-ber-ata-ques son a PY-MEs\T1/lmr/m/n/10.95 
. Pu-bli-ca-do en 20mi-nu-tos.es,
 []


Underfull \hbox (badness 10000) in paragraph at lines 2021--2022
\T1/lmr/m/n/10.95 2024. Dis-po-ni-ble en: []$\T1/pcr/m/n/10.95 https : / / www 
. 20minutos . es / tecnologia /
 []


Overfull \hbox (138.78348pt too wide) in paragraph at lines 2021--2022
\T1/pcr/m/n/10.95 google-[]avisa-[]que-[]espana-[]tiene-[]un-[]problema-[]gordo
-[]43-[]los-[]ciberataques-[]son-[]pymes-[]5195895 /
 []


Underfull \hbox (badness 10000) in paragraph at lines 2021--2022
\T1/pcr/m/n/10.95 # : ~ : text = El % 2043 ,[] experta % 20en % 20cibersegurida
d % 20Cristina %
 []


Underfull \hbox (badness 10000) in paragraph at lines 2024--2025
\T1/pcr/m/n/10.95 12 / Informe-[]situacion-[]ciberseguridad-[]2023 _ compressed
 . pdf# : ~ : text =
 []


Underfull \hbox (badness 10000) in paragraph at lines 2024--2025
\T1/pcr/m/n/10.95 Telef % C3 % B3nica % 20Cyber % 20Security % 20Tech % 2C % 20
el ,[] empresarial %
 []


Underfull \hbox (badness 4378) in paragraph at lines 2029--2030
[]\T1/lmr/m/n/10.95 A. Al-cai-de, ^^PSis-te-mas IDS, IPS, HIDS, NIPS, SIEM ^^U 
Qu son?^^Q \T1/lmr/m/it/10.95 Blog de
 []


Underfull \hbox (badness 10000) in paragraph at lines 2039--2040
[]\T1/lmr/m/n/10.95 Grafana Labs, ^^PSNORT 3, using JSON alert on la-test GRA-F
A-NA dash-
 []


Underfull \hbox (badness 10000) in paragraph at lines 2039--2040
\T1/lmr/m/n/10.95 board,^^Q \T1/lmr/m/it/10.95 Gra-fa-na Labs Com-mu-nity Fo-ru
ms\T1/lmr/m/n/10.95 , men-sa-je de usua-rio ba-ruk-cic, 27
 []


Underfull \hbox (badness 10000) in paragraph at lines 2039--2040
\T1/lmr/m/n/10.95 ju-nio 2020. [En l-nea]. Dis-po-ni-ble: []$\T1/pcr/m/n/10.95
 https : / / community . grafana . com / t /
 []

[97

]
Underfull \hbox (badness 5036) in paragraph at lines 2043--2044
[]\T1/lmr/m/n/10.95 Help Net Se-cu-rity, ^^PSnorby: Mo-dern Snort IDS fron-tend
,^^Q 7 di-ciem-bre 2010.
 []


Underfull \hbox (badness 10000) in paragraph at lines 2043--2044
\T1/lmr/m/n/10.95 [En l-nea]. Dis-po-ni-ble: []$\T1/pcr/m/n/10.95 https : / / 
www . helpnetsecurity . com / 2010 / 12 / 07 /
 []


Underfull \hbox (badness 2245) in paragraph at lines 2075--2076
[]\T1/lmr/m/n/10.95 Raspberry Pi Foun-da-tion. \T1/lmr/m/it/10.95 Rasp-berry Pi
 Soft-wa-re\T1/lmr/m/n/10.95 . Dis-po-ni-ble en: []$\T1/pcr/m/n/10.95 https : /
 / www .
 []

LaTeX Info: Redefining \. on input line 2081.
LaTeX Info: Redefining \% on input line 2081.
[98]
LaTeX Info: Redefining \. on input line 2081.
LaTeX Info: Redefining \% on input line 2081.
 [99]
Overfull \hbox (8.57294pt too wide) in paragraph at lines 2081--2081
|\T1/lmr/bx/n/20.74 Anexo I. Des-crip-cin de la pla-ta-for-ma R-Snort| 
 []

[100

]
LaTeX Info: Redefining \. on input line 2144.
LaTeX Info: Redefining \% on input line 2144.
 [101]
LaTeX Info: Redefining \. on input line 2153.
LaTeX Info: Redefining \% on input line 2153.
 [102]
<apendix_agent/1.png, id=1375, 660.96938pt x 540.51938pt>
File: apendix_agent/1.png Graphic file (type png)
<use apendix_agent/1.png>
Package pdftex.def Info: apendix_agent/1.png  used on input line 2173.
(pdftex.def)             Requested size: 386.96027pt x 316.45412pt.
 [103

 <./apendix_agent/1.png>]
<apendix_web/1.png, id=1386, 650.43pt x 546.54187pt>
File: apendix_web/1.png Graphic file (type png)
<use apendix_web/1.png>
Package pdftex.def Info: apendix_web/1.png  used on input line 2193.
(pdftex.def)             Requested size: 386.96027pt x 325.15892pt.
LaTeX Info: Redefining \. on input line 2205.
LaTeX Info: Redefining \% on input line 2205.
 [104 <./apendix_web/1.png>]
<apendix_web/3.png, id=1396, 649.67719pt x 525.46312pt>
File: apendix_web/3.png Graphic file (type png)
<use apendix_web/3.png>
Package pdftex.def Info: apendix_web/3.png  used on input line 2209.
(pdftex.def)             Requested size: 341.43307pt x 276.16092pt.


pdfTeX warning: pdflatex.exe (file ./contraportada.pdf): PDF inclusion: found P
DF version <1.7>, but at most version <1.5> allowed
<contraportada.pdf, id=1397, 597.62169pt x 845.16069pt>
File: contraportada.pdf Graphic file (type pdf)
<use contraportada.pdf>
Package pdftex.def Info: contraportada.pdf  used on input line 2220.
(pdftex.def)             Requested size: 597.62022pt x 845.15863pt.


pdfTeX warning: pdflatex.exe (file ./contraportada.pdf): PDF inclusion: found P
DF version <1.7>, but at most version <1.5> allowed


pdfTeX warning: pdflatex.exe (file ./contraportada.pdf): PDF inclusion: found P
DF version <1.7>, but at most version <1.5> allowed
<contraportada.pdf, id=1399, page=1, 597.62169pt x 845.16069pt>
File: contraportada.pdf Graphic file (type pdf)
<use contraportada.pdf, page 1>
Package pdftex.def Info: contraportada.pdf , page1 used on input line 2220.
(pdftex.def)             Requested size: 597.62022pt x 845.15863pt.
File: contraportada.pdf Graphic file (type pdf)
<use contraportada.pdf, page 1>
Package pdftex.def Info: contraportada.pdf , page1 used on input line 2220.
(pdftex.def)             Requested size: 597.72964pt x 845.31337pt.
LaTeX Info: Redefining \. on input line 2220.
LaTeX Info: Redefining \% on input line 2220.
[105 <./apendix_web/3.png>]
File: contraportada.pdf Graphic file (type pdf)
<use contraportada.pdf, page 1>
Package pdftex.def Info: contraportada.pdf , page1 used on input line 2220.
(pdftex.def)             Requested size: 597.72964pt x 845.31337pt.
File: contraportada.pdf Graphic file (type pdf)
<use contraportada.pdf, page 1>
Package pdftex.def Info: contraportada.pdf , page1 used on input line 2220.
(pdftex.def)             Requested size: 597.72964pt x 845.31337pt.
File: contraportada.pdf Graphic file (type pdf)
<use contraportada.pdf, page 1>
Package pdftex.def Info: contraportada.pdf , page1 used on input line 2220.
(pdftex.def)             Requested size: 597.72964pt x 845.31337pt.
 [106

 <./contraportada.pdf>] (main.aux
LaTeX Info: Redefining \. on input line 11.
LaTeX Info: Redefining \% on input line 11.
)
 ***********
LaTeX2e <2023-11-01> patch level 1
L3 programming layer <2024-01-04>
 ***********


LaTeX Warning: There were multiply-defined labels.

Package rerunfilecheck Info: File `main.out' has not changed.
(rerunfilecheck)             Checksum: D8C95F9565EDF177E1E887EA60C805A7;12287.
 ) 
Here is how much of TeX's memory you used:
 31829 strings out of 474486
 614283 string characters out of 5743754
 2247542 words of memory out of 5000000
 53129 multiletter control sequences out of 15000+600000
 621500 words of font info for 76 fonts, out of 8000000 for 9000
 1141 hyphenation exceptions out of 8191
 84i,17n,87p,3415b,1438s stack positions out of 10000i,1000n,20000p,200000b,200000s
<C:/Users/deian/AppData/Local/Programs/MiKTeX/fonts/type1/public/lm/lmbx10.pf
b><C:/Users/deian/AppData/Local/Programs/MiKTeX/fonts/type1/public/lm/lmbx12.pf
b><C:/Users/deian/AppData/Local/Programs/MiKTeX/fonts/type1/public/lm/lmbxi10.p
fb><C:/Users/deian/AppData/Local/Programs/MiKTeX/fonts/type1/public/lm/lmcsc10.
pfb><C:/Users/deian/AppData/Local/Programs/MiKTeX/fonts/type1/public/lm/lmmi9.p
fb><C:/Users/deian/AppData/Local/Programs/MiKTeX/fonts/type1/public/lm/lmr10.pf
b><C:/Users/deian/AppData/Local/Programs/MiKTeX/fonts/type1/public/lm/lmr6.pfb>
<C:/Users/deian/AppData/Local/Programs/MiKTeX/fonts/type1/public/lm/lmri10.pfb>
<C:/Users/deian/AppData/Local/Programs/MiKTeX/fonts/type1/public/lm/lmsy9.pfb><
C:/Users/deian/AppData/Local/Programs/MiKTeX/fonts/type1/urw/courier/ucrb8a.pfb
><C:/Users/deian/AppData/Local/Programs/MiKTeX/fonts/type1/urw/courier/ucrr8a.p
fb>
Output written on main.pdf (122 pages, 14003499 bytes).
PDF statistics:
 1578 PDF objects out of 1728 (max. 8388607)
 436 named destinations out of 1000 (max. 500000)
 822 words of extra memory for PDF output out of 10000 (max. 10000000)

