\BOOKMARK [0][-]{chapter*.2}{\376\377\000I\000n\000t\000r\000o\000d\000u\000c\000c\000i\000\363\000n}{}% 1
\BOOKMARK [1][-]{section*.3}{\376\377\000M\000o\000t\000i\000v\000a\000c\000i\000\363\000n}{chapter*.2}% 2
\BOOKMARK [1][-]{section*.3}{\376\377\000O\000b\000j\000e\000t\000i\000v\000o\000s}{chapter*.2}% 3
\BOOKMARK [1][-]{Item.3}{\376\377\000F\000a\000s\000e\000s\000\040\000d\000e\000\040\000l\000a\000\040\000r\000e\000a\000l\000i\000z\000a\000c\000i\000\363\000n\000\040\000y\000\040\000c\000r\000o\000n\000o\000g\000r\000a\000m\000a}{chapter*.2}% 4
\BOOKMARK [1][-]{figure.caption.5}{\376\377\000E\000s\000t\000r\000u\000c\000t\000u\000r\000a\000\040\000y\000\040\000m\000e\000t\000o\000d\000o\000l\000o\000g\000\355\000a}{chapter*.2}% 5
\BOOKMARK [0][-]{chapter.1}{\376\377\000S\000i\000s\000t\000e\000m\000a\000s\000\040\000d\000e\000\040\000d\000e\000t\000e\000c\000c\000i\000\363\000n\000\040\000d\000e\000\040\000i\000n\000t\000r\000u\000s\000o\000s\000:\000\040\000S\000n\000o\000r\000t\000\040\000y\000\040\000f\000r\000o\000n\000t\000e\000n\000d\000s}{}% 6
\BOOKMARK [1][-]{section.1.1}{\376\377\000I\000D\000S\000\040\000/\000\040\000N\000I\000D\000S}{chapter.1}% 7
\BOOKMARK [1][-]{section.1.2}{\376\377\000R\000-\000S\000n\000o\000r\000t}{chapter.1}% 8
\BOOKMARK [1][-]{section.1.3}{\376\377\000F\000r\000o\000n\000t\000e\000n\000d\000s\000\040\000m\000\341\000s\000\040\000u\000t\000i\000l\000i\000z\000a\000d\000o\000s\000\040\000d\000e\000\040\000S\000n\000o\000r\000t}{chapter.1}% 9
\BOOKMARK [1][-]{section.1.4}{\376\377\000C\000o\000m\000p\000a\000r\000a\000t\000i\000v\000a\000\040\000d\000e\000\040\000i\000n\000t\000e\000r\000f\000a\000c\000e\000s\000\040\000w\000e\000b}{chapter.1}% 10
\BOOKMARK [2][-]{subsection.1.4.1}{\376\377\000I\000n\000t\000e\000r\000f\000a\000z\000\040\000w\000e\000b\000\040\000d\000e\000\040\000S\000n\000o\000r\000t\000\040\000e\000n\000\040\000p\000f\000S\000e\000n\000s\000e}{section.1.4}% 11
\BOOKMARK [2][-]{subsection.1.4.2}{\376\377\000I\000n\000t\000e\000r\000f\000a\000z\000\040\000B\000A\000S\000E\000\040\000p\000a\000r\000a\000\040\000S\000n\000o\000r\000t}{section.1.4}% 12
\BOOKMARK [2][-]{subsection.1.4.3}{\376\377\000I\000n\000t\000e\000r\000f\000a\000z\000\040\000w\000e\000b\000\040\000d\000e\000\040\000S\000u\000r\000i\000c\000a\000t\000a\000\040\000e\000n\000\040\000T\000-\000P\000o\000t}{section.1.4}% 13
\BOOKMARK [0][-]{chapter.2}{\376\377\000D\000i\000s\000e\000\361\000o\000\040\000e\000\040\000i\000m\000p\000l\000a\000n\000t\000a\000c\000i\000\363\000n\000\040\000d\000e\000\040\000u\000n\000\040\000f\000r\000o\000n\000t\000e\000n\000d\000\040\000p\000a\000r\000a\000\040\000R\000-\000S\000n\000o\000r\000t}{}% 14
\BOOKMARK [1][-]{section.2.1}{\376\377\000I\000n\000t\000r\000o\000d\000u\000c\000c\000i\000\363\000n}{chapter.2}% 15
\BOOKMARK [1][-]{section.2.2}{\376\377\000E\000s\000p\000e\000c\000i\000f\000i\000c\000a\000c\000i\000o\000n\000e\000s\000\040\000d\000e\000l\000\040\000s\000i\000s\000t\000e\000m\000a}{chapter.2}% 16
\BOOKMARK [1][-]{section.2.3}{\376\377\000E\000n\000t\000o\000r\000n\000o\000\040\000d\000e\000\040\000t\000r\000a\000b\000a\000j\000o}{chapter.2}% 17
\BOOKMARK [2][-]{subsection.2.3.1}{\376\377\000H\000a\000r\000d\000w\000a\000r\000e\000:\000\040\000R\000a\000s\000p\000b\000e\000r\000r\000y\000\040\000P\000i\000\040\000c\000o\000m\000o\000\040\000a\000g\000e\000n\000t\000e\000\040\000d\000e\000\040\000s\000e\000g\000u\000r\000i\000d\000a\000d}{section.2.3}% 18
\BOOKMARK [2][-]{subsection.2.3.2}{\376\377\000S\000o\000f\000t\000w\000a\000r\000e\000:\000\040\000S\000n\000o\000r\000t\000\040\0003\000\040\000y\000\040\000c\000o\000m\000p\000l\000e\000m\000e\000n\000t\000o\000s}{section.2.3}% 19
\BOOKMARK [2][-]{subsection.2.3.3}{\376\377\000E\000n\000t\000o\000r\000n\000o\000\040\000d\000e\000\040\000d\000e\000s\000a\000r\000r\000o\000l\000l\000o}{section.2.3}% 20
\BOOKMARK [1][-]{section.2.4}{\376\377\000D\000i\000s\000e\000\361\000o\000\040\000d\000e\000l\000\040\000f\000r\000o\000n\000t\000e\000n\000d}{chapter.2}% 21
\BOOKMARK [2][-]{subsection.2.4.1}{\376\377\000D\000i\000s\000e\000\361\000o\000\040\000d\000e\000\040\000l\000a\000\040\000a\000r\000q\000u\000i\000t\000e\000c\000t\000u\000r\000a}{section.2.4}% 22
\BOOKMARK [2][-]{subsection.2.4.2}{\376\377\000D\000i\000s\000e\000\361\000o\000\040\000d\000e\000\040\000l\000a\000\040\000i\000n\000t\000e\000r\000f\000a\000z\000\040\000d\000e\000\040\000u\000s\000u\000a\000r\000i\000o}{section.2.4}% 23
\BOOKMARK [2][-]{subsection.2.4.3}{\376\377\000E\000s\000q\000u\000e\000m\000a\000\040\000d\000e\000\040\000l\000a\000\040\000b\000a\000s\000e\000\040\000d\000e\000\040\000d\000a\000t\000o\000s}{section.2.4}% 24
\BOOKMARK [1][-]{section.2.5}{\376\377\000I\000m\000p\000l\000e\000m\000e\000n\000t\000a\000c\000i\000\363\000n\000\040\000y\000\040\000c\000o\000n\000f\000i\000g\000u\000r\000a\000c\000i\000\363\000n\000\040\000d\000e\000l\000\040\000s\000i\000s\000t\000e\000m\000a}{chapter.2}% 25
\BOOKMARK [2][-]{subsection.2.5.1}{\376\377\000S\000n\000o\000r\000t\000\040\0003\000:\000\040\000c\000o\000n\000f\000i\000g\000u\000r\000a\000c\000i\000\363\000n\000\040\000d\000e\000\040\000s\000a\000l\000i\000d\000a\000\040\000d\000e\000\040\000a\000l\000e\000r\000t\000a\000s\000\040\000e\000n\000\040\000J\000S\000O\000N}{section.2.5}% 26
\BOOKMARK [2][-]{subsection.2.5.2}{\376\377\000I\000m\000p\000l\000e\000m\000e\000n\000t\000a\000c\000i\000\363\000n\000\040\000d\000e\000l\000\040\000b\000a\000c\000k\000e\000n\000d}{section.2.5}% 27
\BOOKMARK [2][-]{subsection.2.5.3}{\376\377\000I\000m\000p\000l\000e\000m\000e\000n\000t\000a\000c\000i\000\363\000n\000\040\000d\000e\000l\000\040\000f\000r\000o\000n\000t\000e\000n\000d}{section.2.5}% 28
\BOOKMARK [1][-]{section.2.6}{\376\377\000S\000c\000r\000i\000p\000t\000\040\000a\000u\000t\000o\000m\000\341\000t\000i\000c\000o\000\040\000R\000-\000S\000n\000o\000r\000t}{chapter.2}% 29
\BOOKMARK [2][-]{subsection.2.6.1}{\376\377\000I\000n\000s\000t\000a\000l\000a\000d\000o\000r\000\040\000d\000e\000l\000\040\000a\000g\000e\000n\000t\000e\000:\000\040\000s\000n\000o\000r\000t\000-\000a\000g\000e\000n\000t}{section.2.6}% 30
\BOOKMARK [2][-]{subsection.2.6.2}{\376\377\000I\000n\000s\000t\000a\000l\000a\000d\000o\000r\000\040\000d\000e\000l\000\040\000m\000\363\000d\000u\000l\000o\000\040\000c\000e\000n\000t\000r\000a\000l\000:\000\040\000r\000-\000s\000n\000o\000r\000t\000-\000c\000e\000n\000t\000r\000a\000l\000-\000m\000o\000d\000u\000l\000e}{section.2.6}% 31
\BOOKMARK [0][-]{chapter.3}{\376\377\000C\000a\000s\000o\000\040\000p\000r\000\341\000c\000t\000i\000c\000o\000:\000\040\000u\000t\000i\000l\000i\000z\000a\000c\000i\000\363\000n\000\040\000d\000e\000l\000\040\000f\000r\000o\000n\000t\000e\000n\000d\000\040\000d\000e\000\040\000R\000-\000S\000n\000o\000r\000t}{}% 32
\BOOKMARK [1][-]{section.3.1}{\376\377\000E\000n\000t\000o\000r\000n\000o\000\040\000d\000e\000\040\000t\000r\000a\000b\000a\000j\000o}{chapter.3}% 33
\BOOKMARK [1][-]{section.3.2}{\376\377\000I\000n\000s\000t\000a\000l\000a\000c\000i\000\363\000n\000\040\000d\000e\000l\000\040\000s\000i\000s\000t\000e\000m\000a}{chapter.3}% 34
\BOOKMARK [2][-]{subsection.3.2.1}{\376\377\000P\000r\000e\000p\000a\000r\000a\000c\000i\000\363\000n\000\040\000d\000e\000\040\000l\000a\000\040\000i\000n\000s\000t\000a\000l\000a\000c\000i\000\363\000n}{section.3.2}% 35
\BOOKMARK [2][-]{subsection.3.2.2}{\376\377\000I\000n\000s\000t\000a\000l\000a\000c\000i\000\363\000n\000\040\000d\000e\000l\000\040\000a\000g\000e\000n\000t\000e\000\040\000R\000-\000S\000n\000o\000r\000t}{section.3.2}% 36
\BOOKMARK [2][-]{subsection.3.2.3}{\376\377\000I\000n\000s\000t\000a\000l\000a\000c\000i\000\363\000n\000\040\000d\000e\000l\000\040\000m\000\363\000d\000u\000l\000o\000\040\000c\000e\000n\000t\000r\000a\000l\000\040\000d\000e\000\040\000R\000-\000S\000n\000o\000r\000t}{section.3.2}% 37
\BOOKMARK [1][-]{section.3.3}{\376\377\000U\000t\000i\000l\000i\000z\000a\000c\000i\000\363\000n\000\040\000y\000\040\000p\000r\000u\000e\000b\000a\000s}{chapter.3}% 38
\BOOKMARK [2][-]{subsection.3.3.1}{\376\377\000C\000o\000n\000f\000i\000g\000u\000r\000a\000c\000i\000\363\000n}{section.3.3}% 39
\BOOKMARK [2][-]{subsection.3.3.2}{\376\377\000P\000r\000u\000e\000b\000a\000s\000\040\000d\000e\000\040\000r\000e\000n\000d\000i\000m\000i\000e\000n\000t\000o}{section.3.3}% 40
\BOOKMARK [2][-]{subsection.3.3.3}{\376\377\000P\000r\000u\000e\000b\000a\000s\000\040\000f\000u\000n\000c\000i\000o\000n\000a\000l\000e\000s}{section.3.3}% 41
\BOOKMARK [1][-]{section.3.4}{\376\377\000R\000e\000s\000u\000m\000e\000n}{chapter.3}% 42
\BOOKMARK [0][-]{chapter.4}{\376\377\000R\000e\000s\000u\000l\000t\000a\000d\000o\000s\000\040\000y\000\040\000d\000i\000s\000c\000u\000s\000i\000\363\000n}{}% 43
\BOOKMARK [1][-]{section.4.1}{\376\377\000R\000e\000s\000u\000l\000t\000a\000d\000o\000s\000\040\000o\000b\000t\000e\000n\000i\000d\000o\000s}{chapter.4}% 44
\BOOKMARK [2][-]{subsection.4.1.1}{\376\377\000E\000f\000i\000c\000a\000c\000i\000a\000\040\000e\000n\000\040\000l\000a\000\040\000d\000e\000t\000e\000c\000c\000i\000\363\000n\000\040\000d\000e\000\040\000a\000m\000e\000n\000a\000z\000a\000s}{section.4.1}% 45
\BOOKMARK [2][-]{subsection.4.1.2}{\376\377\000R\000e\000n\000d\000i\000m\000i\000e\000n\000t\000o\000\040\000y\000\040\000e\000s\000c\000a\000l\000a\000b\000i\000l\000i\000d\000a\000d}{section.4.1}% 46
\BOOKMARK [2][-]{subsection.4.1.3}{\376\377\000U\000s\000a\000b\000i\000l\000i\000d\000a\000d\000\040\000y\000\040\000e\000x\000p\000e\000r\000i\000e\000n\000c\000i\000a\000\040\000d\000e\000\040\000u\000s\000u\000a\000r\000i\000o}{section.4.1}% 47
\BOOKMARK [2][-]{subsection.4.1.4}{\376\377\000L\000i\000m\000i\000t\000a\000c\000i\000o\000n\000e\000s\000\040\000y\000\040\000c\000o\000n\000s\000i\000d\000e\000r\000a\000c\000i\000o\000n\000e\000s}{section.4.1}% 48
\BOOKMARK [1][-]{section.4.2}{\376\377\000D\000i\000s\000c\000u\000s\000i\000\363\000n}{chapter.4}% 49
\BOOKMARK [0][-]{chapter*.82}{\376\377\000C\000o\000n\000c\000l\000u\000s\000i\000o\000n\000e\000s}{}% 50
\BOOKMARK [0][-]{chapter*.83}{\376\377\000T\000r\000a\000b\000a\000j\000o\000\040\000f\000u\000t\000u\000r\000o}{}% 51
\BOOKMARK [0][-]{section*.84}{\376\377\000B\000i\000b\000l\000i\000o\000g\000r\000a\000f\000\355\000a}{}% 52
\BOOKMARK [0][-]{appendix.Alph1}{\376\377\000D\000e\000s\000c\000r\000i\000p\000c\000i\000\363\000n\000\040\000d\000e\000\040\000l\000a\000\040\000p\000l\000a\000t\000a\000f\000o\000r\000m\000a\000\040\000R\000-\000S\000n\000o\000r\000t}{}% 53
\BOOKMARK [1][-]{section.Alph1.1}{\376\377\000\277\000Q\000u\000\351\000\040\000e\000s\000\040\000R\000-\000S\000n\000o\000r\000t\000?}{appendix.Alph1}% 54
\BOOKMARK [1][-]{section.Alph1.2}{\376\377\000C\000o\000m\000p\000o\000n\000e\000n\000t\000e\000s\000\040\000p\000r\000i\000n\000c\000i\000p\000a\000l\000e\000s\000\040\000d\000e\000\040\000l\000a\000\040\000p\000l\000a\000t\000a\000f\000o\000r\000m\000a}{appendix.Alph1}% 55
\BOOKMARK [1][-]{section.Alph1.3}{\376\377\000A\000\040\000c\000o\000n\000t\000i\000n\000u\000a\000c\000i\000\363\000n\000\040\000s\000e\000\040\000m\000u\000e\000s\000t\000r\000a\000\040\000e\000l\000\040\000f\000l\000u\000j\000o\000:}{appendix.Alph1}% 56
\BOOKMARK [1][-]{section.Alph1.4}{\376\377\000R\000e\000q\000u\000i\000s\000i\000t\000o\000s\000\040\000m\000\355\000n\000i\000m\000o\000s}{appendix.Alph1}% 57
\BOOKMARK [1][-]{section.Alph1.5}{\376\377\000I\000n\000s\000t\000a\000l\000a\000c\000i\000\363\000n\000\040\000y\000\040\000d\000e\000s\000p\000l\000i\000e\000g\000u\000e\000\040\000b\000\341\000s\000i\000c\000o}{appendix.Alph1}% 58
\BOOKMARK [1][-]{section.Alph1.6}{\376\377\000F\000u\000n\000c\000i\000o\000n\000a\000l\000i\000d\000a\000d\000e\000s\000\040\000p\000r\000i\000n\000c\000i\000p\000a\000l\000e\000s}{appendix.Alph1}% 59
\BOOKMARK [1][-]{section.Alph1.7}{\376\377\000C\000o\000n\000s\000e\000j\000o\000s\000\040\000d\000e\000\040\000a\000d\000m\000i\000n\000i\000s\000t\000r\000a\000c\000i\000\363\000n\000\040\000y\000\040\000m\000a\000n\000t\000e\000n\000i\000m\000i\000e\000n\000t\000o}{appendix.Alph1}% 60
\BOOKMARK [1][-]{section.Alph1.8}{\376\377\000R\000e\000c\000u\000r\000s\000o\000s\000\040\000y\000\040\000s\000o\000p\000o\000r\000t\000e}{appendix.Alph1}% 61
\BOOKMARK [0][-]{appendix.Alph2}{\376\377\000R\000e\000p\000o\000s\000i\000t\000o\000r\000i\000o\000s\000\040\000y\000\040\000g\000u\000\355\000a\000\040\000r\000\341\000p\000i\000d\000a}{}% 62
\BOOKMARK [1][-]{section.Alph2.1}{\376\377\000R\000e\000p\000o\000s\000i\000t\000o\000r\000i\000o\000\040\000d\000e\000l\000\040\000A\000g\000e\000n\000t\000e\000\040\000R\000-\000S\000n\000o\000r\000t}{appendix.Alph2}% 63
\BOOKMARK [1][-]{section.Alph2.2}{\376\377\000R\000e\000p\000o\000s\000i\000t\000o\000r\000i\000o\000\040\000d\000e\000l\000\040\000M\000\363\000d\000u\000l\000o\000\040\000C\000e\000n\000t\000r\000a\000l\000\040\000\050\000W\000e\000b\000A\000p\000p\000\051}{appendix.Alph2}% 64
\BOOKMARK [1][-]{section.Alph2.3}{\376\377\000C\000o\000n\000s\000e\000j\000o\000s\000\040\000r\000\341\000p\000i\000d\000o\000s\000\040\000y\000\040\000s\000o\000p\000o\000r\000t\000e}{appendix.Alph2}% 65
\BOOKMARK [0][-]{appendix.Alph3}{\376\377\000G\000u\000\355\000a\000\040\000p\000a\000r\000a\000\040\000e\000s\000c\000r\000i\000b\000i\000r\000\040\000r\000e\000g\000l\000a\000s\000\040\000S\000n\000o\000r\000t\000\040\0003}{}% 66
\BOOKMARK [1][-]{section.Alph3.1}{\376\377\000E\000s\000t\000r\000u\000c\000t\000u\000r\000a\000\040\000g\000e\000n\000e\000r\000a\000l\000\040\000d\000e\000\040\000u\000n\000a\000\040\000r\000e\000g\000l\000a}{appendix.Alph3}% 67
\BOOKMARK [1][-]{section.Alph3.2}{\376\377\000C\000a\000b\000e\000c\000e\000r\000a}{appendix.Alph3}% 68
\BOOKMARK [1][-]{section.Alph3.3}{\376\377\000O\000p\000c\000i\000o\000n\000e\000s\000\040\000m\000\341\000s\000\040\000c\000o\000m\000u\000n\000e\000s}{appendix.Alph3}% 69
\BOOKMARK [1][-]{section.Alph3.4}{\376\377\000E\000j\000e\000m\000p\000l\000o\000\040\000c\000o\000m\000e\000n\000t\000a\000d\000o\000\040\000p\000a\000s\000o\000\040\000a\000\040\000p\000a\000s\000o}{appendix.Alph3}% 70
\BOOKMARK [1][-]{section.Alph3.5}{\376\377\000B\000u\000e\000n\000a\000s\000\040\000p\000r\000\341\000c\000t\000i\000c\000a\000s}{appendix.Alph3}% 71
\BOOKMARK [1][-]{section.Alph3.6}{\376\377\000V\000a\000l\000i\000d\000a\000c\000i\000\363\000n\000\040\000y\000\040\000d\000e\000s\000p\000l\000i\000e\000g\000u\000e}{appendix.Alph3}% 72
\BOOKMARK [1][-]{section.Alph3.7}{\376\377\000R\000e\000c\000u\000r\000s\000o\000s\000\040\000r\000e\000c\000o\000m\000e\000n\000d\000a\000d\000o\000s}{appendix.Alph3}% 73
